<?xml version="1.0" encoding="UTF-8"?>
<testsuite name="com.dcnt.take_away_now.ProductoTests" tests="1" skipped="0" failures="0" errors="0" timestamp="2024-01-25T18:20:27" hostname="DESKTOP-FB7HCB6" time="0.001">
  <properties/>
  <testcase name="contextLoads()" classname="com.dcnt.take_away_now.ProductoTests" time="0.001"/>
  <system-out><![CDATA[]]></system-out>
  <system-err><![CDATA[]]></system-err>
</testsuite>
