<?xml version="1.0" encoding="UTF-8"?>
<testsuite name="com.dcnt.take_away_now.ProductoTests" tests="1" skipped="0" failures="0" errors="0" timestamp="2024-02-12T18:58:45" hostname="LGG-W10" time="0.002">
  <properties/>
  <testcase name="contextLoads()" classname="com.dcnt.take_away_now.ProductoTests" time="0.002"/>
  <system-out><![CDATA[]]></system-out>
  <system-err><![CDATA[]]></system-err>
</testsuite>
