<?xml version="1.0" encoding="UTF-8"?>
<testsuite name="com.dcnt.take_away_now.repository.ClienteRepositoryTest" tests="2" skipped="0" failures="0" errors="0" timestamp="2024-02-20T22:55:59" hostname="LGG-W10" time="0.03">
  <properties/>
  <testcase name="noSePuedeEncontrarUnUsuarioQueNoExiste()" classname="com.dcnt.take_away_now.repository.ClienteRepositoryTest" time="0.011"/>
  <testcase name="sePuedeEncontrarUnUsuarioQueExiste()" classname="com.dcnt.take_away_now.repository.ClienteRepositoryTest" time="0.015"/>
  <system-out><![CDATA[2024-02-20T19:55:59.101-03:00  INFO 2220 --- [    Test worker] t.c.s.AnnotationConfigContextLoaderUtils : Could not detect default configuration classes for test class [com.dcnt.take_away_now.repository.ClienteRepositoryTest]: ClienteRepositoryTest does not declare any static, non-private, non-final, nested classes annotated with @Configuration.
2024-02-20T19:55:59.190-03:00  INFO 2220 --- [    Test worker] .b.t.c.SpringBootTestContextBootstrapper : Found @SpringBootConfiguration com.dcnt.take_away_now.TakeAwayNowApplication for test class com.dcnt.take_away_now.repository.ClienteRepositoryTest
Hibernate: 
    select
        c1_0.id_cliente,
        c1_0.fecha_nacimiento,
        c1_0.id_plan,
        c1_0.pdc,
        c1_0.saldo,
        c1_0.usuario 
    from
        clientes c1_0 
    where
        c1_0.usuario=?
Hibernate: 
    insert 
    into
        clientes
        (fecha_nacimiento, id_plan, pdc, saldo, usuario, id_cliente) 
    values
        (?, ?, ?, ?, ?, default)
Hibernate: 
    select
        c1_0.id_cliente,
        c1_0.fecha_nacimiento,
        c1_0.id_plan,
        c1_0.pdc,
        c1_0.saldo,
        c1_0.usuario 
    from
        clientes c1_0 
    where
        c1_0.usuario=?
]]></system-out>
  <system-err><![CDATA[]]></system-err>
</testsuite>
