<?xml version="1.0" encoding="UTF-8"?>
<testsuite name="com.dcnt.take_away_now.service.PedidoServiceTest" tests="32" skipped="0" failures="0" errors="0" timestamp="2024-02-20T22:55:52" hostname="LGG-W10" time="1.826">
  <properties/>
  <testcase name="noSePuedeMarcarComienzoDePreparacionAUnPedidoQueNoEstaEnAguardandoPreparacion()" classname="com.dcnt.take_away_now.service.PedidoServiceTest" time="0.807"/>
  <testcase name="veinticincoPorcientoDeDescuentoPorSerSuCumpleanios()" classname="com.dcnt.take_away_now.service.PedidoServiceTest" time="0.177"/>
  <testcase name="noSePuedeMarcarListoParaRetirarAUnPedidoQueNoEstaEnPreparacion()" classname="com.dcnt.take_away_now.service.PedidoServiceTest" time="0.015"/>
  <testcase name="sePuedeComprarUnProductoConPdc()" classname="com.dcnt.take_away_now.service.PedidoServiceTest" time="0.095"/>
  <testcase name="cuandoSeCancelaUnPedidoEnPreparacionNoSeDevulveElSaldoYDisminuyenLosPdcEnUnVeintePorcientoDelTotalDeLaRecompenzaDelPedido()" classname="com.dcnt.take_away_now.service.PedidoServiceTest" time="0.053"/>
  <testcase name="cuandoSeAceptaLaDevolucionDeUnPedidoSeLeDevuelveElSaldoAlClienteYElStockDeLosProductos()" classname="com.dcnt.take_away_now.service.PedidoServiceTest" time="0.085"/>
  <testcase name="noSePuedeConfirmarUnPedidoParaEstosProductosPorqueNoEsUnProductoDelNegocio()" classname="com.dcnt.take_away_now.service.PedidoServiceTest" time="0.017"/>
  <testcase name="noSePuedeConfirmarUnPedidoParaEstosProductosPorqueNoHayStockSuficiente()" classname="com.dcnt.take_away_now.service.PedidoServiceTest" time="0.026"/>
  <testcase name="noEsUnProductoDeEseNegocio()" classname="com.dcnt.take_away_now.service.PedidoServiceTest" time="0.01"/>
  <testcase name="sePuedeMarcarComienzoDePreparacionAUnPedidoQueEstaAguardandoPreparacion()" classname="com.dcnt.take_away_now.service.PedidoServiceTest" time="0.012"/>
  <testcase name="verificarPedidoLanzaQueNoExisteCliente()" classname="com.dcnt.take_away_now.service.PedidoServiceTest" time="0.029"/>
  <testcase name="sePuedeComprarUnProductoConPdcYDinero()" classname="com.dcnt.take_away_now.service.PedidoServiceTest" time="0.055"/>
  <testcase name="sePuedeMarcarListoParaRetirarAUnPedidoQueEstaEnPreparacion()" classname="com.dcnt.take_away_now.service.PedidoServiceTest" time="0.011"/>
  <testcase name="noSePuedeCancelarAUnPedidoQueNoExiste()" classname="com.dcnt.take_away_now.service.PedidoServiceTest" time="0.009"/>
  <testcase name="noSePuedeSolicitarDevolucionDeUnPedidoQueNoExiste()" classname="com.dcnt.take_away_now.service.PedidoServiceTest" time="0.011"/>
  <testcase name="noSePuedeConfirmarRetiroAUnPedidoQueNoEstaListoParaRetirar()" classname="com.dcnt.take_away_now.service.PedidoServiceTest" time="0.011"/>
  <testcase name="noSePuedeConfirmarRetiroAUnPedidoQueNoExiste()" classname="com.dcnt.take_away_now.service.PedidoServiceTest" time="0.012"/>
  <testcase name="sePuedeConfirmarRetiroAUnPedidoQueEstaListoParaRetirar()" classname="com.dcnt.take_away_now.service.PedidoServiceTest" time="0.021"/>
  <testcase name="sePuedeConfirmarUnPedidoParaEstosProductos()" classname="com.dcnt.take_away_now.service.PedidoServiceTest" time="0.05"/>
  <testcase name="noSePuedeMarcarListoParaRetirarAUnPedidoQueNoExiste()" classname="com.dcnt.take_away_now.service.PedidoServiceTest" time="0.012"/>
  <testcase name="verificarPedidoLanzaQueNoExisteNegocio()" classname="com.dcnt.take_away_now.service.PedidoServiceTest" time="0.019"/>
  <testcase name="esUnProductoDeEseNegocio()" classname="com.dcnt.take_away_now.service.PedidoServiceTest" time="0.034"/>
  <testcase name="verificarPedido()" classname="com.dcnt.take_away_now.service.PedidoServiceTest" time="0.029"/>
  <testcase name="noSePuedeSolicitarDevolucionDeUnPedidoQueNoEstaRetirado()" classname="com.dcnt.take_away_now.service.PedidoServiceTest" time="0.009"/>
  <testcase name="cuandoSeCancelaUnPedidoEnAguardandoPreparacionSeDevulveElSaldoYSeDisminuyenLosPdcEnUnCincoPorcientoDelTotalDeLaRecompenzaDelPedido()" classname="com.dcnt.take_away_now.service.PedidoServiceTest" time="0.04"/>
  <testcase name="sePuedeConfirmarPedido()" classname="com.dcnt.take_away_now.service.PedidoServiceTest" time="0.019"/>
  <testcase name="noSePuedeMarcarComienzoDePreparacionAUnPedidoQueNoExiste()" classname="com.dcnt.take_away_now.service.PedidoServiceTest" time="0.01"/>
  <testcase name="cuandoSeCancelaUnPedidoListoParaRetirarNoSeDevulveElSaldoYSeLeSacanLosPuntosDeConfianza()" classname="com.dcnt.take_away_now.service.PedidoServiceTest" time="0.034"/>
  <testcase name="cuandoSeDeniegaLaDevolucionDeUnPedidoNoSeLeDevuelveElSaldoAlClienteNiElStockDeLosProductos()" classname="com.dcnt.take_away_now.service.PedidoServiceTest" time="0.034"/>
  <testcase name="sePuedeSolicitarDevolucionDeUnPedidoQueFueRetiradoHaceMenosDeCincoMinutos()" classname="com.dcnt.take_away_now.service.PedidoServiceTest" time="0.015"/>
  <testcase name="obtenerPedidos()" classname="com.dcnt.take_away_now.service.PedidoServiceTest" time="0.015"/>
  <testcase name="sePuedeCancelarAUnPedidoQueEstaAguardandoPreparacion()" classname="com.dcnt.take_away_now.service.PedidoServiceTest" time="0.01"/>
  <system-out><![CDATA[19:55:46.452 [Test worker] INFO org.springframework.test.context.support.AnnotationConfigContextLoaderUtils -- Could not detect default configuration classes for test class [com.dcnt.take_away_now.service.PedidoServiceTest]: PedidoServiceTest does not declare any static, non-private, non-final, nested classes annotated with @Configuration.
19:55:46.655 [Test worker] INFO org.springframework.boot.test.context.SpringBootTestContextBootstrapper -- Found @SpringBootConfiguration com.dcnt.take_away_now.TakeAwayNowApplication for test class com.dcnt.take_away_now.service.PedidoServiceTest

  .   ____          _            __ _ _
 /\\ / ___'_ __ _ _(_)_ __  __ _ \ \ \ \
( ( )\___ | '_ | '_| | '_ \/ _` | \ \ \ \
 \\/  ___)| |_)| | | | | || (_| |  ) ) ) )
  '  |____| .__|_| |_|_| |_\__, | / / / /
 =========|_|==============|___/=/_/_/_/
 :: Spring Boot ::                (v3.2.0)

2024-02-20T19:55:47.263-03:00  INFO 2220 --- [    Test worker] c.d.t.service.PedidoServiceTest          : Starting PedidoServiceTest using Java 21.0.1 with PID 2220 (started by Lautaro in D:\dcnt back\TakeAwayNow-DCNT)
2024-02-20T19:55:47.264-03:00  INFO 2220 --- [    Test worker] c.d.t.service.PedidoServiceTest          : No active profile set, falling back to 1 default profile: "default"
2024-02-20T19:55:47.883-03:00  INFO 2220 --- [    Test worker] .s.d.r.c.RepositoryConfigurationDelegate : Bootstrapping Spring Data JPA repositories in DEFAULT mode.
2024-02-20T19:55:47.989-03:00  INFO 2220 --- [    Test worker] .s.d.r.c.RepositoryConfigurationDelegate : Finished Spring Data repository scanning in 94 ms. Found 7 JPA repository interfaces.
2024-02-20T19:55:48.068-03:00  INFO 2220 --- [    Test worker] beddedDataSourceBeanFactoryPostProcessor : Replacing 'dataSource' DataSource bean with embedded version
2024-02-20T19:55:48.302-03:00  INFO 2220 --- [    Test worker] o.s.j.d.e.EmbeddedDatabaseFactory        : Starting embedded database: url='jdbc:h2:mem:c8f43f13-19cf-4cce-9846-36d4e52a3a5a;DB_CLOSE_DELAY=-1;DB_CLOSE_ON_EXIT=false', username='sa'
2024-02-20T19:55:48.731-03:00  INFO 2220 --- [    Test worker] o.hibernate.jpa.internal.util.LogHelper  : HHH000204: Processing PersistenceUnitInfo [name: default]
2024-02-20T19:55:48.838-03:00  INFO 2220 --- [    Test worker] org.hibernate.Version                    : HHH000412: Hibernate ORM core version 6.3.1.Final
2024-02-20T19:55:48.893-03:00  INFO 2220 --- [    Test worker] o.h.c.internal.RegionFactoryInitiator    : HHH000026: Second-level cache disabled
2024-02-20T19:55:49.302-03:00  INFO 2220 --- [    Test worker] o.s.o.j.p.SpringPersistenceUnitInfo      : No LoadTimeWeaver setup: ignoring JPA class transformer
2024-02-20T19:55:49.379-03:00  WARN 2220 --- [    Test worker] org.hibernate.orm.deprecation            : HHH90000025: H2Dialect does not need to be specified explicitly using 'hibernate.dialect' (remove the property setting and it will be selected by default)
2024-02-20T19:55:50.874-03:00  INFO 2220 --- [    Test worker] o.h.e.t.j.p.i.JtaPlatformInitiator       : HHH000489: No JTA platform available (set 'hibernate.transaction.jta.platform' to enable JTA platform integration)
Hibernate: 
    drop table if exists clientes cascade 
Hibernate: 
    drop table if exists inventario_registros cascade 
Hibernate: 
    drop table if exists negocios cascade 
Hibernate: 
    drop table if exists pedidos cascade 
Hibernate: 
    drop table if exists planes cascade 
Hibernate: 
    drop table if exists productos cascade 
Hibernate: 
    drop table if exists productos_pedidos cascade 
Hibernate: 
    create table clientes (
        fecha_nacimiento date,
        pdc float(53),
        saldo numeric(38,2),
        id_cliente bigint generated by default as identity,
        id_plan bigint,
        usuario varchar(255),
        primary key (id_cliente)
    )
Hibernate: 
    create table inventario_registros (
        precio_unitario numeric(38,2),
        precio_unitario_pdc float(53),
        recompensa_pdc float(53),
        id_inventario_registro bigint generated by default as identity,
        id_negocio bigint,
        id_producto bigint unique,
        stock bigint,
        primary key (id_inventario_registro)
    )
Hibernate: 
    create table negocios (
        dia_apertura tinyint check (dia_apertura between 0 and 6),
        dia_cierre tinyint check (dia_cierre between 0 and 6),
        horario_apertura time(6),
        horario_cierre time(6),
        saldo numeric(38,2),
        id_negocio bigint generated by default as identity,
        nombre varchar(255),
        primary key (id_negocio)
    )
Hibernate: 
    create table pedidos (
        estado tinyint check (estado between 0 and 7),
        precio_total numeric(38,2),
        fecha_y_hora_entrega timestamp(6),
        id_cliente bigint,
        id_negocio bigint,
        id_pedido bigint generated by default as identity,
        codigo varchar(255),
        primary key (id_pedido)
    )
Hibernate: 
    create table planes (
        cancelacion_sin_costo boolean,
        multiplicador_de_puntos_de_confianza integer,
        porcentaje_de_descuento integer,
        porcentaje_extra_de_puntos_de_confianza_por_devolucion integer,
        precio numeric(38,2),
        puntos_de_confianza_por_subscripcion float(53),
        id_plan bigint generated by default as identity,
        nombre varchar(255),
        primary key (id_plan)
    )
Hibernate: 
    create table productos (
        id_inventario_registro bigint unique,
        id_producto bigint generated by default as identity,
        nombre varchar(255),
        primary key (id_producto)
    )
Hibernate: 
    create table productos_pedidos (
        cantidad integer,
        id_pedido bigint,
        id_producto bigint,
        id_producto_pedido bigint generated by default as identity,
        primary key (id_producto_pedido)
    )
Hibernate: 
    alter table if exists inventario_registros 
       add constraint FKgk0emireeu3u0g15pi6uth3tw 
       foreign key (id_negocio) 
       references negocios
Hibernate: 
    alter table if exists inventario_registros 
       add constraint FKaa8b1cqh28krjla4q0rldgjdw 
       foreign key (id_producto) 
       references productos
Hibernate: 
    alter table if exists pedidos 
       add constraint FKdnomiluem4t3x66t6b9aher47 
       foreign key (id_cliente) 
       references clientes
Hibernate: 
    alter table if exists pedidos 
       add constraint FKhmtsw5m7flxgsvx60sorc5g3e 
       foreign key (id_negocio) 
       references negocios
Hibernate: 
    alter table if exists productos 
       add constraint FKd8x4sfyyvh5ecf784239ete7u 
       foreign key (id_inventario_registro) 
       references inventario_registros
Hibernate: 
    alter table if exists productos_pedidos 
       add constraint FKgvy13jpycywx60hasm7k3w2f 
       foreign key (id_pedido) 
       references pedidos
Hibernate: 
    alter table if exists productos_pedidos 
       add constraint FK5xwq1xi3k07xrjjpvvpxvdoku 
       foreign key (id_producto) 
       references productos
2024-02-20T19:55:50.967-03:00  INFO 2220 --- [    Test worker] j.LocalContainerEntityManagerFactoryBean : Initialized JPA EntityManagerFactory for persistence unit 'default'
2024-02-20T19:55:51.644-03:00  INFO 2220 --- [    Test worker] o.s.d.j.r.query.QueryEnhancerFactory     : Hibernate is in classpath; If applicable, HQL parser will be used.
2024-02-20T19:55:52.519-03:00  INFO 2220 --- [    Test worker] c.d.t.service.PedidoServiceTest          : Started PedidoServiceTest in 5.757 seconds (process running for 7.465)
Hibernate: 
    insert 
    into
        clientes
        (fecha_nacimiento, id_plan, pdc, saldo, usuario, id_cliente) 
    values
        (?, ?, ?, ?, ?, default)
Hibernate: 
    insert 
    into
        negocios
        (dia_apertura, dia_cierre, horario_apertura, horario_cierre, nombre, saldo, id_negocio) 
    values
        (?, ?, ?, ?, ?, ?, default)
Hibernate: 
    insert 
    into
        productos
        (id_inventario_registro, nombre, id_producto) 
    values
        (?, ?, default)
Hibernate: 
    insert 
    into
        clientes
        (fecha_nacimiento, id_plan, pdc, saldo, usuario, id_cliente) 
    values
        (?, ?, ?, ?, ?, default)
Hibernate: 
    insert 
    into
        pedidos
        (id_cliente, codigo, estado, fecha_y_hora_entrega, id_negocio, precio_total, id_pedido) 
    values
        (?, ?, ?, ?, ?, ?, default)
Hibernate: 
    insert 
    into
        clientes
        (fecha_nacimiento, id_plan, pdc, saldo, usuario, id_cliente) 
    values
        (?, ?, ?, ?, ?, default)
Hibernate: 
    insert 
    into
        negocios
        (dia_apertura, dia_cierre, horario_apertura, horario_cierre, nombre, saldo, id_negocio) 
    values
        (?, ?, ?, ?, ?, ?, default)
Hibernate: 
    insert 
    into
        productos
        (id_inventario_registro, nombre, id_producto) 
    values
        (?, ?, default)
Hibernate: 
    insert 
    into
        clientes
        (fecha_nacimiento, id_plan, pdc, saldo, usuario, id_cliente) 
    values
        (?, ?, ?, ?, ?, default)
Hibernate: 
    select
        p1_0.id_producto,
        p1_0.id_inventario_registro,
        p1_0.nombre 
    from
        productos p1_0 
    where
        p1_0.nombre=?
Hibernate: 
    insert 
    into
        inventario_registros
        (id_negocio, precio_unitario, precio_unitario_pdc, id_producto, recompensa_pdc, stock, id_inventario_registro) 
    values
        (?, ?, ?, ?, ?, ?, default)
Hibernate: 
    insert 
    into
        productos
        (id_inventario_registro, nombre, id_producto) 
    values
        (?, ?, default)
Hibernate: 
    update
        clientes 
    set
        fecha_nacimiento=?,
        id_plan=?,
        pdc=?,
        saldo=?,
        usuario=? 
    where
        id_cliente=?
Hibernate: 
    update
        clientes 
    set
        fecha_nacimiento=?,
        id_plan=?,
        pdc=?,
        saldo=?,
        usuario=? 
    where
        id_cliente=?
Hibernate: 
    update
        inventario_registros 
    set
        id_negocio=?,
        precio_unitario=?,
        precio_unitario_pdc=?,
        id_producto=?,
        recompensa_pdc=?,
        stock=? 
    where
        id_inventario_registro=?
Hibernate: 
    update
        productos 
    set
        id_inventario_registro=?,
        nombre=? 
    where
        id_producto=?
Hibernate: 
    select
        p1_0.id_producto,
        p1_0.id_inventario_registro,
        p1_0.nombre 
    from
        productos p1_0 
    where
        p1_0.nombre=?
Hibernate: 
    insert 
    into
        pedidos
        (id_cliente, codigo, estado, fecha_y_hora_entrega, id_negocio, precio_total, id_pedido) 
    values
        (?, ?, ?, ?, ?, ?, default)
Hibernate: 
    select
        ir1_0.id_inventario_registro,
        ir1_0.id_negocio,
        ir1_0.precio_unitario,
        ir1_0.precio_unitario_pdc,
        ir1_0.id_producto,
        ir1_0.recompensa_pdc,
        ir1_0.stock 
    from
        inventario_registros ir1_0 
    where
        ir1_0.id_negocio=? 
        and ir1_0.id_producto=?
Hibernate: 
    insert 
    into
        productos_pedidos
        (cantidad, id_pedido, id_producto, id_producto_pedido) 
    values
        (?, ?, ?, default)
Hibernate: 
    insert 
    into
        clientes
        (fecha_nacimiento, id_plan, pdc, saldo, usuario, id_cliente) 
    values
        (?, ?, ?, ?, ?, default)
Hibernate: 
    insert 
    into
        negocios
        (dia_apertura, dia_cierre, horario_apertura, horario_cierre, nombre, saldo, id_negocio) 
    values
        (?, ?, ?, ?, ?, ?, default)
Hibernate: 
    insert 
    into
        productos
        (id_inventario_registro, nombre, id_producto) 
    values
        (?, ?, default)
Hibernate: 
    insert 
    into
        clientes
        (fecha_nacimiento, id_plan, pdc, saldo, usuario, id_cliente) 
    values
        (?, ?, ?, ?, ?, default)
Hibernate: 
    insert 
    into
        pedidos
        (id_cliente, codigo, estado, fecha_y_hora_entrega, id_negocio, precio_total, id_pedido) 
    values
        (?, ?, ?, ?, ?, ?, default)
Hibernate: 
    insert 
    into
        clientes
        (fecha_nacimiento, id_plan, pdc, saldo, usuario, id_cliente) 
    values
        (?, ?, ?, ?, ?, default)
Hibernate: 
    insert 
    into
        negocios
        (dia_apertura, dia_cierre, horario_apertura, horario_cierre, nombre, saldo, id_negocio) 
    values
        (?, ?, ?, ?, ?, ?, default)
Hibernate: 
    insert 
    into
        productos
        (id_inventario_registro, nombre, id_producto) 
    values
        (?, ?, default)
Hibernate: 
    insert 
    into
        clientes
        (fecha_nacimiento, id_plan, pdc, saldo, usuario, id_cliente) 
    values
        (?, ?, ?, ?, ?, default)
Hibernate: 
    select
        p1_0.id_producto,
        p1_0.id_inventario_registro,
        p1_0.nombre 
    from
        productos p1_0 
    where
        p1_0.nombre=?
Hibernate: 
    insert 
    into
        inventario_registros
        (id_negocio, precio_unitario, precio_unitario_pdc, id_producto, recompensa_pdc, stock, id_inventario_registro) 
    values
        (?, ?, ?, ?, ?, ?, default)
Hibernate: 
    insert 
    into
        productos
        (id_inventario_registro, nombre, id_producto) 
    values
        (?, ?, default)
Hibernate: 
    update
        clientes 
    set
        fecha_nacimiento=?,
        id_plan=?,
        pdc=?,
        saldo=?,
        usuario=? 
    where
        id_cliente=?
Hibernate: 
    update
        clientes 
    set
        fecha_nacimiento=?,
        id_plan=?,
        pdc=?,
        saldo=?,
        usuario=? 
    where
        id_cliente=?
Hibernate: 
    update
        inventario_registros 
    set
        id_negocio=?,
        precio_unitario=?,
        precio_unitario_pdc=?,
        id_producto=?,
        recompensa_pdc=?,
        stock=? 
    where
        id_inventario_registro=?
Hibernate: 
    update
        productos 
    set
        id_inventario_registro=?,
        nombre=? 
    where
        id_producto=?
Hibernate: 
    select
        p1_0.id_producto,
        p1_0.id_inventario_registro,
        p1_0.nombre 
    from
        productos p1_0 
    where
        p1_0.nombre=?
Hibernate: 
    insert 
    into
        pedidos
        (id_cliente, codigo, estado, fecha_y_hora_entrega, id_negocio, precio_total, id_pedido) 
    values
        (?, ?, ?, ?, ?, ?, default)
Hibernate: 
    select
        ir1_0.id_inventario_registro,
        ir1_0.id_negocio,
        ir1_0.precio_unitario,
        ir1_0.precio_unitario_pdc,
        ir1_0.id_producto,
        ir1_0.recompensa_pdc,
        ir1_0.stock 
    from
        inventario_registros ir1_0 
    where
        ir1_0.id_negocio=? 
        and ir1_0.id_producto=?
Hibernate: 
    insert 
    into
        productos_pedidos
        (cantidad, id_pedido, id_producto, id_producto_pedido) 
    values
        (?, ?, ?, default)
Hibernate: 
    update
        negocios 
    set
        dia_apertura=?,
        dia_cierre=?,
        horario_apertura=?,
        horario_cierre=?,
        nombre=?,
        saldo=? 
    where
        id_negocio=?
Hibernate: 
    update
        clientes 
    set
        fecha_nacimiento=?,
        id_plan=?,
        pdc=?,
        saldo=?,
        usuario=? 
    where
        id_cliente=?
Hibernate: 
    update
        inventario_registros 
    set
        id_negocio=?,
        precio_unitario=?,
        precio_unitario_pdc=?,
        id_producto=?,
        recompensa_pdc=?,
        stock=? 
    where
        id_inventario_registro=?
Hibernate: 
    update
        pedidos 
    set
        id_cliente=?,
        codigo=?,
        estado=?,
        fecha_y_hora_entrega=?,
        id_negocio=?,
        precio_total=? 
    where
        id_pedido=?
Hibernate: 
    select
        p1_0.id_pedido,
        c2_0.usuario,
        n2_0.nombre,
        p1_0.estado,
        p1_0.precio_total,
        p1_0.fecha_y_hora_entrega,
        p1_0.codigo 
    from
        pedidos p1_0 
    join
        clientes c2_0 
            on c2_0.id_cliente=p1_0.id_cliente 
    join
        negocios n2_0 
            on n2_0.id_negocio=p1_0.id_negocio 
    join
        clientes c1_0 
            on p1_0.id_cliente=c1_0.id_cliente 
    join
        negocios n1_0 
            on p1_0.id_negocio=n1_0.id_negocio 
    where
        c1_0.id_cliente=?
Hibernate: 
    select
        p2_0.id_producto,
        p2_0.id_inventario_registro,
        p2_0.nombre,
        pp1_0.cantidad,
        ir1_0.precio_unitario 
    from
        productos_pedidos pp1_0 
    join
        productos p2_0 
            on p2_0.id_producto=pp1_0.id_producto 
    join
        inventario_registros ir1_0 
            on ir1_0.id_producto=pp1_0.id_producto 
    where
        pp1_0.id_pedido=?
Hibernate: 
    select
        ir1_0.id_inventario_registro,
        ir1_0.id_negocio,
        ir1_0.precio_unitario,
        ir1_0.precio_unitario_pdc,
        ir1_0.id_producto,
        ir1_0.recompensa_pdc,
        ir1_0.stock 
    from
        inventario_registros ir1_0 
    where
        ir1_0.id_negocio=? 
        and ir1_0.id_producto=?
Hibernate: 
    insert 
    into
        pedidos
        (id_cliente, codigo, estado, fecha_y_hora_entrega, id_negocio, precio_total, id_pedido) 
    values
        (?, ?, ?, ?, ?, ?, default)
Hibernate: 
    select
        ir1_0.id_inventario_registro,
        ir1_0.id_negocio,
        ir1_0.precio_unitario,
        ir1_0.precio_unitario_pdc,
        ir1_0.id_producto,
        ir1_0.recompensa_pdc,
        ir1_0.stock 
    from
        inventario_registros ir1_0 
    where
        ir1_0.id_negocio=? 
        and ir1_0.id_producto=?
Hibernate: 
    insert 
    into
        productos_pedidos
        (cantidad, id_pedido, id_producto, id_producto_pedido) 
    values
        (?, ?, ?, default)
Hibernate: 
    insert 
    into
        clientes
        (fecha_nacimiento, id_plan, pdc, saldo, usuario, id_cliente) 
    values
        (?, ?, ?, ?, ?, default)
Hibernate: 
    insert 
    into
        negocios
        (dia_apertura, dia_cierre, horario_apertura, horario_cierre, nombre, saldo, id_negocio) 
    values
        (?, ?, ?, ?, ?, ?, default)
Hibernate: 
    insert 
    into
        productos
        (id_inventario_registro, nombre, id_producto) 
    values
        (?, ?, default)
Hibernate: 
    insert 
    into
        clientes
        (fecha_nacimiento, id_plan, pdc, saldo, usuario, id_cliente) 
    values
        (?, ?, ?, ?, ?, default)
Hibernate: 
    select
        p1_0.id_producto,
        p1_0.id_inventario_registro,
        p1_0.nombre 
    from
        productos p1_0 
    where
        p1_0.nombre=?
Hibernate: 
    insert 
    into
        inventario_registros
        (id_negocio, precio_unitario, precio_unitario_pdc, id_producto, recompensa_pdc, stock, id_inventario_registro) 
    values
        (?, ?, ?, ?, ?, ?, default)
Hibernate: 
    insert 
    into
        productos
        (id_inventario_registro, nombre, id_producto) 
    values
        (?, ?, default)
Hibernate: 
    update
        clientes 
    set
        fecha_nacimiento=?,
        id_plan=?,
        pdc=?,
        saldo=?,
        usuario=? 
    where
        id_cliente=?
Hibernate: 
    update
        clientes 
    set
        fecha_nacimiento=?,
        id_plan=?,
        pdc=?,
        saldo=?,
        usuario=? 
    where
        id_cliente=?
Hibernate: 
    update
        inventario_registros 
    set
        id_negocio=?,
        precio_unitario=?,
        precio_unitario_pdc=?,
        id_producto=?,
        recompensa_pdc=?,
        stock=? 
    where
        id_inventario_registro=?
Hibernate: 
    update
        productos 
    set
        id_inventario_registro=?,
        nombre=? 
    where
        id_producto=?
Hibernate: 
    select
        p1_0.id_producto,
        p1_0.id_inventario_registro,
        p1_0.nombre 
    from
        productos p1_0 
    where
        p1_0.nombre=?
Hibernate: 
    insert 
    into
        pedidos
        (id_cliente, codigo, estado, fecha_y_hora_entrega, id_negocio, precio_total, id_pedido) 
    values
        (?, ?, ?, ?, ?, ?, default)
Hibernate: 
    select
        ir1_0.id_inventario_registro,
        ir1_0.id_negocio,
        ir1_0.precio_unitario,
        ir1_0.precio_unitario_pdc,
        ir1_0.id_producto,
        ir1_0.recompensa_pdc,
        ir1_0.stock 
    from
        inventario_registros ir1_0 
    where
        ir1_0.id_negocio=? 
        and ir1_0.id_producto=?
Hibernate: 
    insert 
    into
        productos_pedidos
        (cantidad, id_pedido, id_producto, id_producto_pedido) 
    values
        (?, ?, ?, default)
Hibernate: 
    update
        negocios 
    set
        dia_apertura=?,
        dia_cierre=?,
        horario_apertura=?,
        horario_cierre=?,
        nombre=?,
        saldo=? 
    where
        id_negocio=?
Hibernate: 
    update
        clientes 
    set
        fecha_nacimiento=?,
        id_plan=?,
        pdc=?,
        saldo=?,
        usuario=? 
    where
        id_cliente=?
Hibernate: 
    update
        inventario_registros 
    set
        id_negocio=?,
        precio_unitario=?,
        precio_unitario_pdc=?,
        id_producto=?,
        recompensa_pdc=?,
        stock=? 
    where
        id_inventario_registro=?
Hibernate: 
    update
        pedidos 
    set
        id_cliente=?,
        codigo=?,
        estado=?,
        fecha_y_hora_entrega=?,
        id_negocio=?,
        precio_total=? 
    where
        id_pedido=?
Hibernate: 
    select
        p1_0.id_pedido,
        c2_0.usuario,
        n2_0.nombre,
        p1_0.estado,
        p1_0.precio_total,
        p1_0.fecha_y_hora_entrega,
        p1_0.codigo 
    from
        pedidos p1_0 
    join
        clientes c2_0 
            on c2_0.id_cliente=p1_0.id_cliente 
    join
        negocios n2_0 
            on n2_0.id_negocio=p1_0.id_negocio 
    join
        clientes c1_0 
            on p1_0.id_cliente=c1_0.id_cliente 
    join
        negocios n1_0 
            on p1_0.id_negocio=n1_0.id_negocio 
    where
        c1_0.id_cliente=?
Hibernate: 
    select
        p2_0.id_producto,
        p2_0.id_inventario_registro,
        p2_0.nombre,
        pp1_0.cantidad,
        ir1_0.precio_unitario 
    from
        productos_pedidos pp1_0 
    join
        productos p2_0 
            on p2_0.id_producto=pp1_0.id_producto 
    join
        inventario_registros ir1_0 
            on ir1_0.id_producto=pp1_0.id_producto 
    where
        pp1_0.id_pedido=?
Hibernate: 
    select
        ir1_0.id_inventario_registro,
        ir1_0.id_negocio,
        ir1_0.precio_unitario,
        ir1_0.precio_unitario_pdc,
        ir1_0.id_producto,
        ir1_0.recompensa_pdc,
        ir1_0.stock 
    from
        inventario_registros ir1_0 
    where
        ir1_0.id_negocio=? 
        and ir1_0.id_producto=?
Hibernate: 
    select
        p2_0.id_producto,
        p2_0.id_inventario_registro,
        p2_0.nombre,
        pp1_0.cantidad,
        ir1_0.precio_unitario 
    from
        productos_pedidos pp1_0 
    join
        productos p2_0 
            on p2_0.id_producto=pp1_0.id_producto 
    join
        inventario_registros ir1_0 
            on ir1_0.id_producto=pp1_0.id_producto 
    where
        pp1_0.id_pedido=?
Hibernate: 
    select
        ir1_0.id_inventario_registro,
        ir1_0.id_negocio,
        ir1_0.precio_unitario,
        ir1_0.precio_unitario_pdc,
        ir1_0.id_producto,
        ir1_0.recompensa_pdc,
        ir1_0.stock 
    from
        inventario_registros ir1_0 
    where
        ir1_0.id_negocio=? 
        and ir1_0.id_producto=?
Hibernate: 
    insert 
    into
        clientes
        (fecha_nacimiento, id_plan, pdc, saldo, usuario, id_cliente) 
    values
        (?, ?, ?, ?, ?, default)
Hibernate: 
    insert 
    into
        negocios
        (dia_apertura, dia_cierre, horario_apertura, horario_cierre, nombre, saldo, id_negocio) 
    values
        (?, ?, ?, ?, ?, ?, default)
Hibernate: 
    insert 
    into
        productos
        (id_inventario_registro, nombre, id_producto) 
    values
        (?, ?, default)
Hibernate: 
    insert 
    into
        clientes
        (fecha_nacimiento, id_plan, pdc, saldo, usuario, id_cliente) 
    values
        (?, ?, ?, ?, ?, default)
Hibernate: 
    select
        p1_0.id_producto,
        p1_0.id_inventario_registro,
        p1_0.nombre 
    from
        productos p1_0 
    where
        p1_0.nombre=?
Hibernate: 
    insert 
    into
        inventario_registros
        (id_negocio, precio_unitario, precio_unitario_pdc, id_producto, recompensa_pdc, stock, id_inventario_registro) 
    values
        (?, ?, ?, ?, ?, ?, default)
Hibernate: 
    insert 
    into
        productos
        (id_inventario_registro, nombre, id_producto) 
    values
        (?, ?, default)
Hibernate: 
    update
        clientes 
    set
        fecha_nacimiento=?,
        id_plan=?,
        pdc=?,
        saldo=?,
        usuario=? 
    where
        id_cliente=?
Hibernate: 
    update
        clientes 
    set
        fecha_nacimiento=?,
        id_plan=?,
        pdc=?,
        saldo=?,
        usuario=? 
    where
        id_cliente=?
Hibernate: 
    update
        inventario_registros 
    set
        id_negocio=?,
        precio_unitario=?,
        precio_unitario_pdc=?,
        id_producto=?,
        recompensa_pdc=?,
        stock=? 
    where
        id_inventario_registro=?
Hibernate: 
    update
        productos 
    set
        id_inventario_registro=?,
        nombre=? 
    where
        id_producto=?
Hibernate: 
    select
        p1_0.id_producto,
        p1_0.id_inventario_registro,
        p1_0.nombre 
    from
        productos p1_0 
    where
        p1_0.nombre=?
Hibernate: 
    insert 
    into
        pedidos
        (id_cliente, codigo, estado, fecha_y_hora_entrega, id_negocio, precio_total, id_pedido) 
    values
        (?, ?, ?, ?, ?, ?, default)
Hibernate: 
    select
        ir1_0.id_inventario_registro,
        ir1_0.id_negocio,
        ir1_0.precio_unitario,
        ir1_0.precio_unitario_pdc,
        ir1_0.id_producto,
        ir1_0.recompensa_pdc,
        ir1_0.stock 
    from
        inventario_registros ir1_0 
    where
        ir1_0.id_negocio=? 
        and ir1_0.id_producto=?
Hibernate: 
    insert 
    into
        productos_pedidos
        (cantidad, id_pedido, id_producto, id_producto_pedido) 
    values
        (?, ?, ?, default)
Hibernate: 
    update
        negocios 
    set
        dia_apertura=?,
        dia_cierre=?,
        horario_apertura=?,
        horario_cierre=?,
        nombre=?,
        saldo=? 
    where
        id_negocio=?
Hibernate: 
    update
        clientes 
    set
        fecha_nacimiento=?,
        id_plan=?,
        pdc=?,
        saldo=?,
        usuario=? 
    where
        id_cliente=?
Hibernate: 
    update
        inventario_registros 
    set
        id_negocio=?,
        precio_unitario=?,
        precio_unitario_pdc=?,
        id_producto=?,
        recompensa_pdc=?,
        stock=? 
    where
        id_inventario_registro=?
Hibernate: 
    update
        pedidos 
    set
        id_cliente=?,
        codigo=?,
        estado=?,
        fecha_y_hora_entrega=?,
        id_negocio=?,
        precio_total=? 
    where
        id_pedido=?
Hibernate: 
    select
        p1_0.id_pedido,
        c2_0.usuario,
        n2_0.nombre,
        p1_0.estado,
        p1_0.precio_total,
        p1_0.fecha_y_hora_entrega,
        p1_0.codigo 
    from
        pedidos p1_0 
    join
        clientes c2_0 
            on c2_0.id_cliente=p1_0.id_cliente 
    join
        negocios n2_0 
            on n2_0.id_negocio=p1_0.id_negocio 
    join
        clientes c1_0 
            on p1_0.id_cliente=c1_0.id_cliente 
    join
        negocios n1_0 
            on p1_0.id_negocio=n1_0.id_negocio 
    where
        c1_0.id_cliente=?
Hibernate: 
    select
        p2_0.id_producto,
        p2_0.id_inventario_registro,
        p2_0.nombre,
        pp1_0.cantidad,
        ir1_0.precio_unitario 
    from
        productos_pedidos pp1_0 
    join
        productos p2_0 
            on p2_0.id_producto=pp1_0.id_producto 
    join
        inventario_registros ir1_0 
            on ir1_0.id_producto=pp1_0.id_producto 
    where
        pp1_0.id_pedido=?
Hibernate: 
    select
        ir1_0.id_inventario_registro,
        ir1_0.id_negocio,
        ir1_0.precio_unitario,
        ir1_0.precio_unitario_pdc,
        ir1_0.id_producto,
        ir1_0.recompensa_pdc,
        ir1_0.stock 
    from
        inventario_registros ir1_0 
    where
        ir1_0.id_negocio=? 
        and ir1_0.id_producto=?
Hibernate: 
    select
        p2_0.id_producto,
        p2_0.id_inventario_registro,
        p2_0.nombre,
        pp1_0.cantidad,
        ir1_0.precio_unitario 
    from
        productos_pedidos pp1_0 
    join
        productos p2_0 
            on p2_0.id_producto=pp1_0.id_producto 
    join
        inventario_registros ir1_0 
            on ir1_0.id_producto=pp1_0.id_producto 
    where
        pp1_0.id_pedido=?
Hibernate: 
    select
        ir1_0.id_inventario_registro,
        ir1_0.id_negocio,
        ir1_0.precio_unitario,
        ir1_0.precio_unitario_pdc,
        ir1_0.id_producto,
        ir1_0.recompensa_pdc,
        ir1_0.stock 
    from
        inventario_registros ir1_0 
    where
        ir1_0.id_negocio=? 
        and ir1_0.id_producto=?
Hibernate: 
    update
        clientes 
    set
        fecha_nacimiento=?,
        id_plan=?,
        pdc=?,
        saldo=?,
        usuario=? 
    where
        id_cliente=?
Hibernate: 
    update
        inventario_registros 
    set
        id_negocio=?,
        precio_unitario=?,
        precio_unitario_pdc=?,
        id_producto=?,
        recompensa_pdc=?,
        stock=? 
    where
        id_inventario_registro=?
Hibernate: 
    update
        pedidos 
    set
        id_cliente=?,
        codigo=?,
        estado=?,
        fecha_y_hora_entrega=?,
        id_negocio=?,
        precio_total=? 
    where
        id_pedido=?
Hibernate: 
    select
        p1_0.id_producto,
        p1_0.nombre,
        ir1_0.stock,
        ir1_0.precio_unitario,
        ir1_0.recompensa_pdc,
        ir1_0.precio_unitario_pdc 
    from
        inventario_registros ir1_0 
    join
        productos p1_0 
            on ir1_0.id_producto=p1_0.id_producto 
    where
        ir1_0.id_negocio=?
Hibernate: 
    insert 
    into
        clientes
        (fecha_nacimiento, id_plan, pdc, saldo, usuario, id_cliente) 
    values
        (?, ?, ?, ?, ?, default)
Hibernate: 
    insert 
    into
        negocios
        (dia_apertura, dia_cierre, horario_apertura, horario_cierre, nombre, saldo, id_negocio) 
    values
        (?, ?, ?, ?, ?, ?, default)
Hibernate: 
    insert 
    into
        productos
        (id_inventario_registro, nombre, id_producto) 
    values
        (?, ?, default)
Hibernate: 
    select
        ir1_0.id_inventario_registro 
    from
        inventario_registros ir1_0 
    where
        ir1_0.id_negocio=? 
        and ir1_0.id_producto=? 
    fetch
        first ? rows only
Hibernate: 
    insert 
    into
        clientes
        (fecha_nacimiento, id_plan, pdc, saldo, usuario, id_cliente) 
    values
        (?, ?, ?, ?, ?, default)
Hibernate: 
    insert 
    into
        negocios
        (dia_apertura, dia_cierre, horario_apertura, horario_cierre, nombre, saldo, id_negocio) 
    values
        (?, ?, ?, ?, ?, ?, default)
Hibernate: 
    insert 
    into
        productos
        (id_inventario_registro, nombre, id_producto) 
    values
        (?, ?, default)
Hibernate: 
    select
        p1_0.id_producto,
        p1_0.id_inventario_registro,
        p1_0.nombre 
    from
        productos p1_0 
    where
        p1_0.nombre=?
Hibernate: 
    insert 
    into
        inventario_registros
        (id_negocio, precio_unitario, precio_unitario_pdc, id_producto, recompensa_pdc, stock, id_inventario_registro) 
    values
        (?, ?, ?, ?, ?, ?, default)
Hibernate: 
    insert 
    into
        productos
        (id_inventario_registro, nombre, id_producto) 
    values
        (?, ?, default)
Hibernate: 
    update
        clientes 
    set
        fecha_nacimiento=?,
        id_plan=?,
        pdc=?,
        saldo=?,
        usuario=? 
    where
        id_cliente=?
Hibernate: 
    update
        inventario_registros 
    set
        id_negocio=?,
        precio_unitario=?,
        precio_unitario_pdc=?,
        id_producto=?,
        recompensa_pdc=?,
        stock=? 
    where
        id_inventario_registro=?
Hibernate: 
    update
        productos 
    set
        id_inventario_registro=?,
        nombre=? 
    where
        id_producto=?
Hibernate: 
    select
        p1_0.id_producto,
        p1_0.id_inventario_registro,
        p1_0.nombre 
    from
        productos p1_0 
    where
        p1_0.nombre=?
Hibernate: 
    select
        ir1_0.id_inventario_registro 
    from
        inventario_registros ir1_0 
    where
        ir1_0.id_negocio=? 
        and ir1_0.id_producto=? 
    fetch
        first ? rows only
Hibernate: 
    select
        ir1_0.id_inventario_registro,
        ir1_0.id_negocio,
        ir1_0.precio_unitario,
        ir1_0.precio_unitario_pdc,
        ir1_0.id_producto,
        ir1_0.recompensa_pdc,
        ir1_0.stock 
    from
        inventario_registros ir1_0 
    where
        ir1_0.id_negocio=? 
        and ir1_0.id_producto=?
Hibernate: 
    insert 
    into
        clientes
        (fecha_nacimiento, id_plan, pdc, saldo, usuario, id_cliente) 
    values
        (?, ?, ?, ?, ?, default)
Hibernate: 
    insert 
    into
        negocios
        (dia_apertura, dia_cierre, horario_apertura, horario_cierre, nombre, saldo, id_negocio) 
    values
        (?, ?, ?, ?, ?, ?, default)
Hibernate: 
    insert 
    into
        productos
        (id_inventario_registro, nombre, id_producto) 
    values
        (?, ?, default)
Hibernate: 
    select
        ir1_0.id_inventario_registro 
    from
        inventario_registros ir1_0 
    where
        ir1_0.id_negocio=? 
        and ir1_0.id_producto=? 
    fetch
        first ? rows only
Hibernate: 
    insert 
    into
        clientes
        (fecha_nacimiento, id_plan, pdc, saldo, usuario, id_cliente) 
    values
        (?, ?, ?, ?, ?, default)
Hibernate: 
    insert 
    into
        negocios
        (dia_apertura, dia_cierre, horario_apertura, horario_cierre, nombre, saldo, id_negocio) 
    values
        (?, ?, ?, ?, ?, ?, default)
Hibernate: 
    insert 
    into
        productos
        (id_inventario_registro, nombre, id_producto) 
    values
        (?, ?, default)
Hibernate: 
    insert 
    into
        clientes
        (fecha_nacimiento, id_plan, pdc, saldo, usuario, id_cliente) 
    values
        (?, ?, ?, ?, ?, default)
Hibernate: 
    insert 
    into
        pedidos
        (id_cliente, codigo, estado, fecha_y_hora_entrega, id_negocio, precio_total, id_pedido) 
    values
        (?, ?, ?, ?, ?, ?, default)
Hibernate: 
    insert 
    into
        clientes
        (fecha_nacimiento, id_plan, pdc, saldo, usuario, id_cliente) 
    values
        (?, ?, ?, ?, ?, default)
Hibernate: 
    insert 
    into
        negocios
        (dia_apertura, dia_cierre, horario_apertura, horario_cierre, nombre, saldo, id_negocio) 
    values
        (?, ?, ?, ?, ?, ?, default)
Hibernate: 
    insert 
    into
        productos
        (id_inventario_registro, nombre, id_producto) 
    values
        (?, ?, default)
Hibernate: 
    select
        p1_0.id_producto,
        p1_0.id_inventario_registro,
        p1_0.nombre 
    from
        productos p1_0 
    where
        p1_0.nombre=?
Hibernate: 
    insert 
    into
        inventario_registros
        (id_negocio, precio_unitario, precio_unitario_pdc, id_producto, recompensa_pdc, stock, id_inventario_registro) 
    values
        (?, ?, ?, ?, ?, ?, default)
Hibernate: 
    insert 
    into
        productos
        (id_inventario_registro, nombre, id_producto) 
    values
        (?, ?, default)
Hibernate: 
    update
        clientes 
    set
        fecha_nacimiento=?,
        id_plan=?,
        pdc=?,
        saldo=?,
        usuario=? 
    where
        id_cliente=?
Hibernate: 
    update
        inventario_registros 
    set
        id_negocio=?,
        precio_unitario=?,
        precio_unitario_pdc=?,
        id_producto=?,
        recompensa_pdc=?,
        stock=? 
    where
        id_inventario_registro=?
Hibernate: 
    update
        productos 
    set
        id_inventario_registro=?,
        nombre=? 
    where
        id_producto=?
Hibernate: 
    select
        p1_0.id_producto,
        p1_0.id_inventario_registro,
        p1_0.nombre 
    from
        productos p1_0 
    where
        p1_0.nombre=?
Hibernate: 
    select
        c1_0.id_cliente,
        c1_0.fecha_nacimiento,
        c1_0.id_plan,
        c1_0.pdc,
        c1_0.saldo,
        c1_0.usuario 
    from
        clientes c1_0 
    where
        c1_0.id_cliente=?
Hibernate: 
    insert 
    into
        clientes
        (fecha_nacimiento, id_plan, pdc, saldo, usuario, id_cliente) 
    values
        (?, ?, ?, ?, ?, default)
Hibernate: 
    insert 
    into
        negocios
        (dia_apertura, dia_cierre, horario_apertura, horario_cierre, nombre, saldo, id_negocio) 
    values
        (?, ?, ?, ?, ?, ?, default)
Hibernate: 
    insert 
    into
        productos
        (id_inventario_registro, nombre, id_producto) 
    values
        (?, ?, default)
Hibernate: 
    insert 
    into
        clientes
        (fecha_nacimiento, id_plan, pdc, saldo, usuario, id_cliente) 
    values
        (?, ?, ?, ?, ?, default)
Hibernate: 
    select
        p1_0.id_producto,
        p1_0.id_inventario_registro,
        p1_0.nombre 
    from
        productos p1_0 
    where
        p1_0.nombre=?
Hibernate: 
    insert 
    into
        inventario_registros
        (id_negocio, precio_unitario, precio_unitario_pdc, id_producto, recompensa_pdc, stock, id_inventario_registro) 
    values
        (?, ?, ?, ?, ?, ?, default)
Hibernate: 
    insert 
    into
        productos
        (id_inventario_registro, nombre, id_producto) 
    values
        (?, ?, default)
Hibernate: 
    update
        clientes 
    set
        fecha_nacimiento=?,
        id_plan=?,
        pdc=?,
        saldo=?,
        usuario=? 
    where
        id_cliente=?
Hibernate: 
    update
        clientes 
    set
        fecha_nacimiento=?,
        id_plan=?,
        pdc=?,
        saldo=?,
        usuario=? 
    where
        id_cliente=?
Hibernate: 
    update
        inventario_registros 
    set
        id_negocio=?,
        precio_unitario=?,
        precio_unitario_pdc=?,
        id_producto=?,
        recompensa_pdc=?,
        stock=? 
    where
        id_inventario_registro=?
Hibernate: 
    update
        productos 
    set
        id_inventario_registro=?,
        nombre=? 
    where
        id_producto=?
Hibernate: 
    select
        p1_0.id_producto,
        p1_0.id_inventario_registro,
        p1_0.nombre 
    from
        productos p1_0 
    where
        p1_0.nombre=?
Hibernate: 
    insert 
    into
        pedidos
        (id_cliente, codigo, estado, fecha_y_hora_entrega, id_negocio, precio_total, id_pedido) 
    values
        (?, ?, ?, ?, ?, ?, default)
Hibernate: 
    select
        ir1_0.id_inventario_registro,
        ir1_0.id_negocio,
        ir1_0.precio_unitario,
        ir1_0.precio_unitario_pdc,
        ir1_0.id_producto,
        ir1_0.recompensa_pdc,
        ir1_0.stock 
    from
        inventario_registros ir1_0 
    where
        ir1_0.id_negocio=? 
        and ir1_0.id_producto=?
Hibernate: 
    insert 
    into
        productos_pedidos
        (cantidad, id_pedido, id_producto, id_producto_pedido) 
    values
        (?, ?, ?, default)
Hibernate: 
    update
        negocios 
    set
        dia_apertura=?,
        dia_cierre=?,
        horario_apertura=?,
        horario_cierre=?,
        nombre=?,
        saldo=? 
    where
        id_negocio=?
Hibernate: 
    update
        clientes 
    set
        fecha_nacimiento=?,
        id_plan=?,
        pdc=?,
        saldo=?,
        usuario=? 
    where
        id_cliente=?
Hibernate: 
    update
        inventario_registros 
    set
        id_negocio=?,
        precio_unitario=?,
        precio_unitario_pdc=?,
        id_producto=?,
        recompensa_pdc=?,
        stock=? 
    where
        id_inventario_registro=?
Hibernate: 
    update
        pedidos 
    set
        id_cliente=?,
        codigo=?,
        estado=?,
        fecha_y_hora_entrega=?,
        id_negocio=?,
        precio_total=? 
    where
        id_pedido=?
Hibernate: 
    select
        p1_0.id_pedido,
        c2_0.usuario,
        n2_0.nombre,
        p1_0.estado,
        p1_0.precio_total,
        p1_0.fecha_y_hora_entrega,
        p1_0.codigo 
    from
        pedidos p1_0 
    join
        clientes c2_0 
            on c2_0.id_cliente=p1_0.id_cliente 
    join
        negocios n2_0 
            on n2_0.id_negocio=p1_0.id_negocio 
    join
        clientes c1_0 
            on p1_0.id_cliente=c1_0.id_cliente 
    join
        negocios n1_0 
            on p1_0.id_negocio=n1_0.id_negocio 
    where
        c1_0.id_cliente=?
Hibernate: 
    select
        p2_0.id_producto,
        p2_0.id_inventario_registro,
        p2_0.nombre,
        pp1_0.cantidad,
        ir1_0.precio_unitario 
    from
        productos_pedidos pp1_0 
    join
        productos p2_0 
            on p2_0.id_producto=pp1_0.id_producto 
    join
        inventario_registros ir1_0 
            on ir1_0.id_producto=pp1_0.id_producto 
    where
        pp1_0.id_pedido=?
Hibernate: 
    select
        ir1_0.id_inventario_registro,
        ir1_0.id_negocio,
        ir1_0.precio_unitario,
        ir1_0.precio_unitario_pdc,
        ir1_0.id_producto,
        ir1_0.recompensa_pdc,
        ir1_0.stock 
    from
        inventario_registros ir1_0 
    where
        ir1_0.id_negocio=? 
        and ir1_0.id_producto=?
Hibernate: 
    insert 
    into
        pedidos
        (id_cliente, codigo, estado, fecha_y_hora_entrega, id_negocio, precio_total, id_pedido) 
    values
        (?, ?, ?, ?, ?, ?, default)
Hibernate: 
    select
        ir1_0.id_inventario_registro,
        ir1_0.id_negocio,
        ir1_0.precio_unitario,
        ir1_0.precio_unitario_pdc,
        ir1_0.id_producto,
        ir1_0.recompensa_pdc,
        ir1_0.stock 
    from
        inventario_registros ir1_0 
    where
        ir1_0.id_negocio=? 
        and ir1_0.id_producto=?
Hibernate: 
    insert 
    into
        productos_pedidos
        (cantidad, id_pedido, id_producto, id_producto_pedido) 
    values
        (?, ?, ?, default)
Hibernate: 
    insert 
    into
        clientes
        (fecha_nacimiento, id_plan, pdc, saldo, usuario, id_cliente) 
    values
        (?, ?, ?, ?, ?, default)
Hibernate: 
    insert 
    into
        negocios
        (dia_apertura, dia_cierre, horario_apertura, horario_cierre, nombre, saldo, id_negocio) 
    values
        (?, ?, ?, ?, ?, ?, default)
Hibernate: 
    insert 
    into
        productos
        (id_inventario_registro, nombre, id_producto) 
    values
        (?, ?, default)
Hibernate: 
    insert 
    into
        clientes
        (fecha_nacimiento, id_plan, pdc, saldo, usuario, id_cliente) 
    values
        (?, ?, ?, ?, ?, default)
Hibernate: 
    insert 
    into
        pedidos
        (id_cliente, codigo, estado, fecha_y_hora_entrega, id_negocio, precio_total, id_pedido) 
    values
        (?, ?, ?, ?, ?, ?, default)
Hibernate: 
    insert 
    into
        clientes
        (fecha_nacimiento, id_plan, pdc, saldo, usuario, id_cliente) 
    values
        (?, ?, ?, ?, ?, default)
Hibernate: 
    insert 
    into
        negocios
        (dia_apertura, dia_cierre, horario_apertura, horario_cierre, nombre, saldo, id_negocio) 
    values
        (?, ?, ?, ?, ?, ?, default)
Hibernate: 
    insert 
    into
        productos
        (id_inventario_registro, nombre, id_producto) 
    values
        (?, ?, default)
Hibernate: 
    select
        p1_0.id_pedido,
        c1_0.id_cliente,
        c1_0.fecha_nacimiento,
        c1_0.id_plan,
        c1_0.pdc,
        c1_0.saldo,
        c1_0.usuario,
        p1_0.codigo,
        p1_0.estado,
        p1_0.fecha_y_hora_entrega,
        n1_0.id_negocio,
        n1_0.dia_apertura,
        n1_0.dia_cierre,
        n1_0.horario_apertura,
        n1_0.horario_cierre,
        n1_0.nombre,
        n1_0.saldo,
        p1_0.precio_total 
    from
        pedidos p1_0 
    left join
        clientes c1_0 
            on c1_0.id_cliente=p1_0.id_cliente 
    left join
        negocios n1_0 
            on n1_0.id_negocio=p1_0.id_negocio 
    where
        p1_0.id_pedido=?
Hibernate: 
    insert 
    into
        clientes
        (fecha_nacimiento, id_plan, pdc, saldo, usuario, id_cliente) 
    values
        (?, ?, ?, ?, ?, default)
Hibernate: 
    insert 
    into
        negocios
        (dia_apertura, dia_cierre, horario_apertura, horario_cierre, nombre, saldo, id_negocio) 
    values
        (?, ?, ?, ?, ?, ?, default)
Hibernate: 
    insert 
    into
        productos
        (id_inventario_registro, nombre, id_producto) 
    values
        (?, ?, default)
Hibernate: 
    select
        p1_0.id_pedido,
        c1_0.id_cliente,
        c1_0.fecha_nacimiento,
        c1_0.id_plan,
        c1_0.pdc,
        c1_0.saldo,
        c1_0.usuario,
        p1_0.codigo,
        p1_0.estado,
        p1_0.fecha_y_hora_entrega,
        n1_0.id_negocio,
        n1_0.dia_apertura,
        n1_0.dia_cierre,
        n1_0.horario_apertura,
        n1_0.horario_cierre,
        n1_0.nombre,
        n1_0.saldo,
        p1_0.precio_total 
    from
        pedidos p1_0 
    left join
        clientes c1_0 
            on c1_0.id_cliente=p1_0.id_cliente 
    left join
        negocios n1_0 
            on n1_0.id_negocio=p1_0.id_negocio 
    where
        p1_0.id_pedido=?
Hibernate: 
    insert 
    into
        clientes
        (fecha_nacimiento, id_plan, pdc, saldo, usuario, id_cliente) 
    values
        (?, ?, ?, ?, ?, default)
Hibernate: 
    insert 
    into
        negocios
        (dia_apertura, dia_cierre, horario_apertura, horario_cierre, nombre, saldo, id_negocio) 
    values
        (?, ?, ?, ?, ?, ?, default)
Hibernate: 
    insert 
    into
        productos
        (id_inventario_registro, nombre, id_producto) 
    values
        (?, ?, default)
Hibernate: 
    insert 
    into
        clientes
        (fecha_nacimiento, id_plan, pdc, saldo, usuario, id_cliente) 
    values
        (?, ?, ?, ?, ?, default)
Hibernate: 
    insert 
    into
        pedidos
        (id_cliente, codigo, estado, fecha_y_hora_entrega, id_negocio, precio_total, id_pedido) 
    values
        (?, ?, ?, ?, ?, ?, default)
Hibernate: 
    insert 
    into
        clientes
        (fecha_nacimiento, id_plan, pdc, saldo, usuario, id_cliente) 
    values
        (?, ?, ?, ?, ?, default)
Hibernate: 
    insert 
    into
        negocios
        (dia_apertura, dia_cierre, horario_apertura, horario_cierre, nombre, saldo, id_negocio) 
    values
        (?, ?, ?, ?, ?, ?, default)
Hibernate: 
    insert 
    into
        productos
        (id_inventario_registro, nombre, id_producto) 
    values
        (?, ?, default)
Hibernate: 
    select
        p1_0.id_pedido,
        c1_0.id_cliente,
        c1_0.fecha_nacimiento,
        c1_0.id_plan,
        c1_0.pdc,
        c1_0.saldo,
        c1_0.usuario,
        p1_0.codigo,
        p1_0.estado,
        p1_0.fecha_y_hora_entrega,
        n1_0.id_negocio,
        n1_0.dia_apertura,
        n1_0.dia_cierre,
        n1_0.horario_apertura,
        n1_0.horario_cierre,
        n1_0.nombre,
        n1_0.saldo,
        p1_0.precio_total 
    from
        pedidos p1_0 
    left join
        clientes c1_0 
            on c1_0.id_cliente=p1_0.id_cliente 
    left join
        negocios n1_0 
            on n1_0.id_negocio=p1_0.id_negocio 
    where
        p1_0.id_pedido=?
Hibernate: 
    insert 
    into
        clientes
        (fecha_nacimiento, id_plan, pdc, saldo, usuario, id_cliente) 
    values
        (?, ?, ?, ?, ?, default)
Hibernate: 
    insert 
    into
        negocios
        (dia_apertura, dia_cierre, horario_apertura, horario_cierre, nombre, saldo, id_negocio) 
    values
        (?, ?, ?, ?, ?, ?, default)
Hibernate: 
    insert 
    into
        productos
        (id_inventario_registro, nombre, id_producto) 
    values
        (?, ?, default)
Hibernate: 
    insert 
    into
        clientes
        (fecha_nacimiento, id_plan, pdc, saldo, usuario, id_cliente) 
    values
        (?, ?, ?, ?, ?, default)
Hibernate: 
    insert 
    into
        pedidos
        (id_cliente, codigo, estado, fecha_y_hora_entrega, id_negocio, precio_total, id_pedido) 
    values
        (?, ?, ?, ?, ?, ?, default)
Hibernate: 
    select
        p2_0.id_producto,
        p2_0.id_inventario_registro,
        p2_0.nombre,
        pp1_0.cantidad,
        ir1_0.precio_unitario 
    from
        productos_pedidos pp1_0 
    join
        productos p2_0 
            on p2_0.id_producto=pp1_0.id_producto 
    join
        inventario_registros ir1_0 
            on ir1_0.id_producto=pp1_0.id_producto 
    where
        pp1_0.id_pedido=?
Hibernate: 
    insert 
    into
        clientes
        (fecha_nacimiento, id_plan, pdc, saldo, usuario, id_cliente) 
    values
        (?, ?, ?, ?, ?, default)
Hibernate: 
    insert 
    into
        negocios
        (dia_apertura, dia_cierre, horario_apertura, horario_cierre, nombre, saldo, id_negocio) 
    values
        (?, ?, ?, ?, ?, ?, default)
Hibernate: 
    insert 
    into
        productos
        (id_inventario_registro, nombre, id_producto) 
    values
        (?, ?, default)
Hibernate: 
    select
        p1_0.id_producto,
        p1_0.id_inventario_registro,
        p1_0.nombre 
    from
        productos p1_0 
    where
        p1_0.nombre=?
Hibernate: 
    insert 
    into
        inventario_registros
        (id_negocio, precio_unitario, precio_unitario_pdc, id_producto, recompensa_pdc, stock, id_inventario_registro) 
    values
        (?, ?, ?, ?, ?, ?, default)
Hibernate: 
    insert 
    into
        productos
        (id_inventario_registro, nombre, id_producto) 
    values
        (?, ?, default)
Hibernate: 
    update
        clientes 
    set
        fecha_nacimiento=?,
        id_plan=?,
        pdc=?,
        saldo=?,
        usuario=? 
    where
        id_cliente=?
Hibernate: 
    update
        inventario_registros 
    set
        id_negocio=?,
        precio_unitario=?,
        precio_unitario_pdc=?,
        id_producto=?,
        recompensa_pdc=?,
        stock=? 
    where
        id_inventario_registro=?
Hibernate: 
    update
        productos 
    set
        id_inventario_registro=?,
        nombre=? 
    where
        id_producto=?
Hibernate: 
    select
        p1_0.id_producto,
        p1_0.id_inventario_registro,
        p1_0.nombre 
    from
        productos p1_0 
    where
        p1_0.nombre=?
Hibernate: 
    insert 
    into
        inventario_registros
        (id_negocio, precio_unitario, precio_unitario_pdc, id_producto, recompensa_pdc, stock, id_inventario_registro) 
    values
        (?, ?, ?, ?, ?, ?, default)
Hibernate: 
    insert 
    into
        productos
        (id_inventario_registro, nombre, id_producto) 
    values
        (?, ?, default)
Hibernate: 
    update
        inventario_registros 
    set
        id_negocio=?,
        precio_unitario=?,
        precio_unitario_pdc=?,
        id_producto=?,
        recompensa_pdc=?,
        stock=? 
    where
        id_inventario_registro=?
Hibernate: 
    update
        productos 
    set
        id_inventario_registro=?,
        nombre=? 
    where
        id_producto=?
Hibernate: 
    select
        p1_0.id_producto,
        p1_0.id_inventario_registro,
        p1_0.nombre 
    from
        productos p1_0 
    where
        p1_0.nombre=?
Hibernate: 
    insert 
    into
        inventario_registros
        (id_negocio, precio_unitario, precio_unitario_pdc, id_producto, recompensa_pdc, stock, id_inventario_registro) 
    values
        (?, ?, ?, ?, ?, ?, default)
Hibernate: 
    insert 
    into
        productos
        (id_inventario_registro, nombre, id_producto) 
    values
        (?, ?, default)
Hibernate: 
    update
        inventario_registros 
    set
        id_negocio=?,
        precio_unitario=?,
        precio_unitario_pdc=?,
        id_producto=?,
        recompensa_pdc=?,
        stock=? 
    where
        id_inventario_registro=?
Hibernate: 
    update
        productos 
    set
        id_inventario_registro=?,
        nombre=? 
    where
        id_producto=?
Hibernate: 
    select
        p1_0.id_producto,
        p1_0.id_inventario_registro,
        p1_0.nombre 
    from
        productos p1_0 
    where
        p1_0.nombre=?
Hibernate: 
    select
        p1_0.id_producto,
        p1_0.id_inventario_registro,
        p1_0.nombre 
    from
        productos p1_0 
    where
        p1_0.nombre=?
Hibernate: 
    select
        p1_0.id_producto,
        p1_0.id_inventario_registro,
        p1_0.nombre 
    from
        productos p1_0 
    where
        p1_0.nombre=?
Hibernate: 
    select
        ir1_0.id_inventario_registro 
    from
        inventario_registros ir1_0 
    where
        ir1_0.id_negocio=? 
        and ir1_0.id_producto=? 
    fetch
        first ? rows only
Hibernate: 
    select
        ir1_0.id_inventario_registro,
        ir1_0.id_negocio,
        ir1_0.precio_unitario,
        ir1_0.precio_unitario_pdc,
        ir1_0.id_producto,
        ir1_0.recompensa_pdc,
        ir1_0.stock 
    from
        inventario_registros ir1_0 
    where
        ir1_0.id_negocio=? 
        and ir1_0.id_producto=?
Hibernate: 
    select
        ir1_0.id_inventario_registro 
    from
        inventario_registros ir1_0 
    where
        ir1_0.id_negocio=? 
        and ir1_0.id_producto=? 
    fetch
        first ? rows only
Hibernate: 
    select
        ir1_0.id_inventario_registro,
        ir1_0.id_negocio,
        ir1_0.precio_unitario,
        ir1_0.precio_unitario_pdc,
        ir1_0.id_producto,
        ir1_0.recompensa_pdc,
        ir1_0.stock 
    from
        inventario_registros ir1_0 
    where
        ir1_0.id_negocio=? 
        and ir1_0.id_producto=?
Hibernate: 
    select
        ir1_0.id_inventario_registro 
    from
        inventario_registros ir1_0 
    where
        ir1_0.id_negocio=? 
        and ir1_0.id_producto=? 
    fetch
        first ? rows only
Hibernate: 
    select
        ir1_0.id_inventario_registro,
        ir1_0.id_negocio,
        ir1_0.precio_unitario,
        ir1_0.precio_unitario_pdc,
        ir1_0.id_producto,
        ir1_0.recompensa_pdc,
        ir1_0.stock 
    from
        inventario_registros ir1_0 
    where
        ir1_0.id_negocio=? 
        and ir1_0.id_producto=?
Hibernate: 
    insert 
    into
        clientes
        (fecha_nacimiento, id_plan, pdc, saldo, usuario, id_cliente) 
    values
        (?, ?, ?, ?, ?, default)
Hibernate: 
    insert 
    into
        negocios
        (dia_apertura, dia_cierre, horario_apertura, horario_cierre, nombre, saldo, id_negocio) 
    values
        (?, ?, ?, ?, ?, ?, default)
Hibernate: 
    insert 
    into
        productos
        (id_inventario_registro, nombre, id_producto) 
    values
        (?, ?, default)
Hibernate: 
    select
        p1_0.id_pedido,
        c1_0.id_cliente,
        c1_0.fecha_nacimiento,
        c1_0.id_plan,
        c1_0.pdc,
        c1_0.saldo,
        c1_0.usuario,
        p1_0.codigo,
        p1_0.estado,
        p1_0.fecha_y_hora_entrega,
        n1_0.id_negocio,
        n1_0.dia_apertura,
        n1_0.dia_cierre,
        n1_0.horario_apertura,
        n1_0.horario_cierre,
        n1_0.nombre,
        n1_0.saldo,
        p1_0.precio_total 
    from
        pedidos p1_0 
    left join
        clientes c1_0 
            on c1_0.id_cliente=p1_0.id_cliente 
    left join
        negocios n1_0 
            on n1_0.id_negocio=p1_0.id_negocio 
    where
        p1_0.id_pedido=?
Hibernate: 
    insert 
    into
        clientes
        (fecha_nacimiento, id_plan, pdc, saldo, usuario, id_cliente) 
    values
        (?, ?, ?, ?, ?, default)
Hibernate: 
    insert 
    into
        negocios
        (dia_apertura, dia_cierre, horario_apertura, horario_cierre, nombre, saldo, id_negocio) 
    values
        (?, ?, ?, ?, ?, ?, default)
Hibernate: 
    insert 
    into
        productos
        (id_inventario_registro, nombre, id_producto) 
    values
        (?, ?, default)
Hibernate: 
    select
        p1_0.id_producto,
        p1_0.id_inventario_registro,
        p1_0.nombre 
    from
        productos p1_0 
    where
        p1_0.nombre=?
Hibernate: 
    insert 
    into
        inventario_registros
        (id_negocio, precio_unitario, precio_unitario_pdc, id_producto, recompensa_pdc, stock, id_inventario_registro) 
    values
        (?, ?, ?, ?, ?, ?, default)
Hibernate: 
    insert 
    into
        productos
        (id_inventario_registro, nombre, id_producto) 
    values
        (?, ?, default)
Hibernate: 
    update
        clientes 
    set
        fecha_nacimiento=?,
        id_plan=?,
        pdc=?,
        saldo=?,
        usuario=? 
    where
        id_cliente=?
Hibernate: 
    update
        inventario_registros 
    set
        id_negocio=?,
        precio_unitario=?,
        precio_unitario_pdc=?,
        id_producto=?,
        recompensa_pdc=?,
        stock=? 
    where
        id_inventario_registro=?
Hibernate: 
    update
        productos 
    set
        id_inventario_registro=?,
        nombre=? 
    where
        id_producto=?
Hibernate: 
    select
        p1_0.id_producto,
        p1_0.id_inventario_registro,
        p1_0.nombre 
    from
        productos p1_0 
    where
        p1_0.nombre=?
Hibernate: 
    select
        n1_0.id_negocio,
        n1_0.dia_apertura,
        n1_0.dia_cierre,
        n1_0.horario_apertura,
        n1_0.horario_cierre,
        n1_0.nombre,
        n1_0.saldo 
    from
        negocios n1_0 
    where
        n1_0.id_negocio=?
Hibernate: 
    insert 
    into
        clientes
        (fecha_nacimiento, id_plan, pdc, saldo, usuario, id_cliente) 
    values
        (?, ?, ?, ?, ?, default)
Hibernate: 
    insert 
    into
        negocios
        (dia_apertura, dia_cierre, horario_apertura, horario_cierre, nombre, saldo, id_negocio) 
    values
        (?, ?, ?, ?, ?, ?, default)
Hibernate: 
    insert 
    into
        productos
        (id_inventario_registro, nombre, id_producto) 
    values
        (?, ?, default)
Hibernate: 
    select
        p1_0.id_producto,
        p1_0.id_inventario_registro,
        p1_0.nombre 
    from
        productos p1_0 
    where
        p1_0.nombre=?
Hibernate: 
    insert 
    into
        inventario_registros
        (id_negocio, precio_unitario, precio_unitario_pdc, id_producto, recompensa_pdc, stock, id_inventario_registro) 
    values
        (?, ?, ?, ?, ?, ?, default)
Hibernate: 
    insert 
    into
        productos
        (id_inventario_registro, nombre, id_producto) 
    values
        (?, ?, default)
Hibernate: 
    update
        clientes 
    set
        fecha_nacimiento=?,
        id_plan=?,
        pdc=?,
        saldo=?,
        usuario=? 
    where
        id_cliente=?
Hibernate: 
    update
        inventario_registros 
    set
        id_negocio=?,
        precio_unitario=?,
        precio_unitario_pdc=?,
        id_producto=?,
        recompensa_pdc=?,
        stock=? 
    where
        id_inventario_registro=?
Hibernate: 
    update
        productos 
    set
        id_inventario_registro=?,
        nombre=? 
    where
        id_producto=?
Hibernate: 
    select
        p1_0.id_producto,
        p1_0.id_inventario_registro,
        p1_0.nombre 
    from
        productos p1_0 
    where
        p1_0.nombre=?
Hibernate: 
    select
        ir1_0.id_inventario_registro 
    from
        inventario_registros ir1_0 
    where
        ir1_0.id_negocio=? 
        and ir1_0.id_producto=? 
    fetch
        first ? rows only
Hibernate: 
    insert 
    into
        clientes
        (fecha_nacimiento, id_plan, pdc, saldo, usuario, id_cliente) 
    values
        (?, ?, ?, ?, ?, default)
Hibernate: 
    insert 
    into
        negocios
        (dia_apertura, dia_cierre, horario_apertura, horario_cierre, nombre, saldo, id_negocio) 
    values
        (?, ?, ?, ?, ?, ?, default)
Hibernate: 
    insert 
    into
        productos
        (id_inventario_registro, nombre, id_producto) 
    values
        (?, ?, default)
Hibernate: 
    select
        p1_0.id_producto,
        p1_0.id_inventario_registro,
        p1_0.nombre 
    from
        productos p1_0 
    where
        p1_0.nombre=?
Hibernate: 
    insert 
    into
        inventario_registros
        (id_negocio, precio_unitario, precio_unitario_pdc, id_producto, recompensa_pdc, stock, id_inventario_registro) 
    values
        (?, ?, ?, ?, ?, ?, default)
Hibernate: 
    insert 
    into
        productos
        (id_inventario_registro, nombre, id_producto) 
    values
        (?, ?, default)
Hibernate: 
    update
        clientes 
    set
        fecha_nacimiento=?,
        id_plan=?,
        pdc=?,
        saldo=?,
        usuario=? 
    where
        id_cliente=?
Hibernate: 
    update
        inventario_registros 
    set
        id_negocio=?,
        precio_unitario=?,
        precio_unitario_pdc=?,
        id_producto=?,
        recompensa_pdc=?,
        stock=? 
    where
        id_inventario_registro=?
Hibernate: 
    update
        productos 
    set
        id_inventario_registro=?,
        nombre=? 
    where
        id_producto=?
Hibernate: 
    select
        p1_0.id_producto,
        p1_0.id_inventario_registro,
        p1_0.nombre 
    from
        productos p1_0 
    where
        p1_0.nombre=?
Hibernate: 
    select
        ir1_0.id_inventario_registro 
    from
        inventario_registros ir1_0 
    where
        ir1_0.id_negocio=? 
        and ir1_0.id_producto=? 
    fetch
        first ? rows only
Hibernate: 
    select
        ir1_0.id_inventario_registro,
        ir1_0.id_negocio,
        ir1_0.precio_unitario,
        ir1_0.precio_unitario_pdc,
        ir1_0.id_producto,
        ir1_0.recompensa_pdc,
        ir1_0.stock 
    from
        inventario_registros ir1_0 
    where
        ir1_0.id_negocio=? 
        and ir1_0.id_producto=?
Hibernate: 
    insert 
    into
        pedidos
        (id_cliente, codigo, estado, fecha_y_hora_entrega, id_negocio, precio_total, id_pedido) 
    values
        (?, ?, ?, ?, ?, ?, default)
Hibernate: 
    select
        ir1_0.id_inventario_registro,
        ir1_0.id_negocio,
        ir1_0.precio_unitario,
        ir1_0.precio_unitario_pdc,
        ir1_0.id_producto,
        ir1_0.recompensa_pdc,
        ir1_0.stock 
    from
        inventario_registros ir1_0 
    where
        ir1_0.id_negocio=? 
        and ir1_0.id_producto=?
Hibernate: 
    insert 
    into
        productos_pedidos
        (cantidad, id_pedido, id_producto, id_producto_pedido) 
    values
        (?, ?, ?, default)
Hibernate: 
    insert 
    into
        clientes
        (fecha_nacimiento, id_plan, pdc, saldo, usuario, id_cliente) 
    values
        (?, ?, ?, ?, ?, default)
Hibernate: 
    insert 
    into
        negocios
        (dia_apertura, dia_cierre, horario_apertura, horario_cierre, nombre, saldo, id_negocio) 
    values
        (?, ?, ?, ?, ?, ?, default)
Hibernate: 
    insert 
    into
        productos
        (id_inventario_registro, nombre, id_producto) 
    values
        (?, ?, default)
Hibernate: 
    insert 
    into
        clientes
        (fecha_nacimiento, id_plan, pdc, saldo, usuario, id_cliente) 
    values
        (?, ?, ?, ?, ?, default)
Hibernate: 
    insert 
    into
        pedidos
        (id_cliente, codigo, estado, fecha_y_hora_entrega, id_negocio, precio_total, id_pedido) 
    values
        (?, ?, ?, ?, ?, ?, default)
Hibernate: 
    insert 
    into
        clientes
        (fecha_nacimiento, id_plan, pdc, saldo, usuario, id_cliente) 
    values
        (?, ?, ?, ?, ?, default)
Hibernate: 
    insert 
    into
        negocios
        (dia_apertura, dia_cierre, horario_apertura, horario_cierre, nombre, saldo, id_negocio) 
    values
        (?, ?, ?, ?, ?, ?, default)
Hibernate: 
    insert 
    into
        productos
        (id_inventario_registro, nombre, id_producto) 
    values
        (?, ?, default)
Hibernate: 
    insert 
    into
        clientes
        (fecha_nacimiento, id_plan, pdc, saldo, usuario, id_cliente) 
    values
        (?, ?, ?, ?, ?, default)
Hibernate: 
    select
        p1_0.id_producto,
        p1_0.id_inventario_registro,
        p1_0.nombre 
    from
        productos p1_0 
    where
        p1_0.nombre=?
Hibernate: 
    insert 
    into
        inventario_registros
        (id_negocio, precio_unitario, precio_unitario_pdc, id_producto, recompensa_pdc, stock, id_inventario_registro) 
    values
        (?, ?, ?, ?, ?, ?, default)
Hibernate: 
    insert 
    into
        productos
        (id_inventario_registro, nombre, id_producto) 
    values
        (?, ?, default)
Hibernate: 
    update
        clientes 
    set
        fecha_nacimiento=?,
        id_plan=?,
        pdc=?,
        saldo=?,
        usuario=? 
    where
        id_cliente=?
Hibernate: 
    update
        clientes 
    set
        fecha_nacimiento=?,
        id_plan=?,
        pdc=?,
        saldo=?,
        usuario=? 
    where
        id_cliente=?
Hibernate: 
    update
        inventario_registros 
    set
        id_negocio=?,
        precio_unitario=?,
        precio_unitario_pdc=?,
        id_producto=?,
        recompensa_pdc=?,
        stock=? 
    where
        id_inventario_registro=?
Hibernate: 
    update
        productos 
    set
        id_inventario_registro=?,
        nombre=? 
    where
        id_producto=?
Hibernate: 
    select
        p1_0.id_producto,
        p1_0.id_inventario_registro,
        p1_0.nombre 
    from
        productos p1_0 
    where
        p1_0.nombre=?
Hibernate: 
    insert 
    into
        pedidos
        (id_cliente, codigo, estado, fecha_y_hora_entrega, id_negocio, precio_total, id_pedido) 
    values
        (?, ?, ?, ?, ?, ?, default)
Hibernate: 
    select
        ir1_0.id_inventario_registro,
        ir1_0.id_negocio,
        ir1_0.precio_unitario,
        ir1_0.precio_unitario_pdc,
        ir1_0.id_producto,
        ir1_0.recompensa_pdc,
        ir1_0.stock 
    from
        inventario_registros ir1_0 
    where
        ir1_0.id_negocio=? 
        and ir1_0.id_producto=?
Hibernate: 
    insert 
    into
        productos_pedidos
        (cantidad, id_pedido, id_producto, id_producto_pedido) 
    values
        (?, ?, ?, default)
Hibernate: 
    update
        negocios 
    set
        dia_apertura=?,
        dia_cierre=?,
        horario_apertura=?,
        horario_cierre=?,
        nombre=?,
        saldo=? 
    where
        id_negocio=?
Hibernate: 
    update
        clientes 
    set
        fecha_nacimiento=?,
        id_plan=?,
        pdc=?,
        saldo=?,
        usuario=? 
    where
        id_cliente=?
Hibernate: 
    update
        inventario_registros 
    set
        id_negocio=?,
        precio_unitario=?,
        precio_unitario_pdc=?,
        id_producto=?,
        recompensa_pdc=?,
        stock=? 
    where
        id_inventario_registro=?
Hibernate: 
    update
        pedidos 
    set
        id_cliente=?,
        codigo=?,
        estado=?,
        fecha_y_hora_entrega=?,
        id_negocio=?,
        precio_total=? 
    where
        id_pedido=?
Hibernate: 
    select
        p1_0.id_pedido,
        c2_0.usuario,
        n2_0.nombre,
        p1_0.estado,
        p1_0.precio_total,
        p1_0.fecha_y_hora_entrega,
        p1_0.codigo 
    from
        pedidos p1_0 
    join
        clientes c2_0 
            on c2_0.id_cliente=p1_0.id_cliente 
    join
        negocios n2_0 
            on n2_0.id_negocio=p1_0.id_negocio 
    join
        clientes c1_0 
            on p1_0.id_cliente=c1_0.id_cliente 
    join
        negocios n1_0 
            on p1_0.id_negocio=n1_0.id_negocio 
    where
        c1_0.id_cliente=?
Hibernate: 
    select
        p2_0.id_producto,
        p2_0.id_inventario_registro,
        p2_0.nombre,
        pp1_0.cantidad,
        ir1_0.precio_unitario 
    from
        productos_pedidos pp1_0 
    join
        productos p2_0 
            on p2_0.id_producto=pp1_0.id_producto 
    join
        inventario_registros ir1_0 
            on ir1_0.id_producto=pp1_0.id_producto 
    where
        pp1_0.id_pedido=?
Hibernate: 
    select
        ir1_0.id_inventario_registro,
        ir1_0.id_negocio,
        ir1_0.precio_unitario,
        ir1_0.precio_unitario_pdc,
        ir1_0.id_producto,
        ir1_0.recompensa_pdc,
        ir1_0.stock 
    from
        inventario_registros ir1_0 
    where
        ir1_0.id_negocio=? 
        and ir1_0.id_producto=?
Hibernate: 
    select
        p2_0.id_producto,
        p2_0.id_inventario_registro,
        p2_0.nombre,
        pp1_0.cantidad,
        ir1_0.precio_unitario 
    from
        productos_pedidos pp1_0 
    join
        productos p2_0 
            on p2_0.id_producto=pp1_0.id_producto 
    join
        inventario_registros ir1_0 
            on ir1_0.id_producto=pp1_0.id_producto 
    where
        pp1_0.id_pedido=?
Hibernate: 
    select
        ir1_0.id_inventario_registro,
        ir1_0.id_negocio,
        ir1_0.precio_unitario,
        ir1_0.precio_unitario_pdc,
        ir1_0.id_producto,
        ir1_0.recompensa_pdc,
        ir1_0.stock 
    from
        inventario_registros ir1_0 
    where
        ir1_0.id_negocio=? 
        and ir1_0.id_producto=?
Hibernate: 
    insert 
    into
        clientes
        (fecha_nacimiento, id_plan, pdc, saldo, usuario, id_cliente) 
    values
        (?, ?, ?, ?, ?, default)
Hibernate: 
    insert 
    into
        negocios
        (dia_apertura, dia_cierre, horario_apertura, horario_cierre, nombre, saldo, id_negocio) 
    values
        (?, ?, ?, ?, ?, ?, default)
Hibernate: 
    insert 
    into
        productos
        (id_inventario_registro, nombre, id_producto) 
    values
        (?, ?, default)
Hibernate: 
    select
        p1_0.id_producto,
        p1_0.id_inventario_registro,
        p1_0.nombre 
    from
        productos p1_0 
    where
        p1_0.nombre=?
Hibernate: 
    insert 
    into
        inventario_registros
        (id_negocio, precio_unitario, precio_unitario_pdc, id_producto, recompensa_pdc, stock, id_inventario_registro) 
    values
        (?, ?, ?, ?, ?, ?, default)
Hibernate: 
    insert 
    into
        productos
        (id_inventario_registro, nombre, id_producto) 
    values
        (?, ?, default)
Hibernate: 
    update
        clientes 
    set
        fecha_nacimiento=?,
        id_plan=?,
        pdc=?,
        saldo=?,
        usuario=? 
    where
        id_cliente=?
Hibernate: 
    update
        inventario_registros 
    set
        id_negocio=?,
        precio_unitario=?,
        precio_unitario_pdc=?,
        id_producto=?,
        recompensa_pdc=?,
        stock=? 
    where
        id_inventario_registro=?
Hibernate: 
    update
        productos 
    set
        id_inventario_registro=?,
        nombre=? 
    where
        id_producto=?
Hibernate: 
    select
        p1_0.id_producto,
        p1_0.id_inventario_registro,
        p1_0.nombre 
    from
        productos p1_0 
    where
        p1_0.nombre=?
Hibernate: 
    insert 
    into
        pedidos
        (id_cliente, codigo, estado, fecha_y_hora_entrega, id_negocio, precio_total, id_pedido) 
    values
        (?, ?, ?, ?, ?, ?, default)
Hibernate: 
    select
        ir1_0.id_inventario_registro,
        ir1_0.id_negocio,
        ir1_0.precio_unitario,
        ir1_0.precio_unitario_pdc,
        ir1_0.id_producto,
        ir1_0.recompensa_pdc,
        ir1_0.stock 
    from
        inventario_registros ir1_0 
    where
        ir1_0.id_negocio=? 
        and ir1_0.id_producto=?
Hibernate: 
    insert 
    into
        productos_pedidos
        (cantidad, id_pedido, id_producto, id_producto_pedido) 
    values
        (?, ?, ?, default)
Hibernate: 
    insert 
    into
        clientes
        (fecha_nacimiento, id_plan, pdc, saldo, usuario, id_cliente) 
    values
        (?, ?, ?, ?, ?, default)
Hibernate: 
    insert 
    into
        negocios
        (dia_apertura, dia_cierre, horario_apertura, horario_cierre, nombre, saldo, id_negocio) 
    values
        (?, ?, ?, ?, ?, ?, default)
Hibernate: 
    insert 
    into
        productos
        (id_inventario_registro, nombre, id_producto) 
    values
        (?, ?, default)
Hibernate: 
    select
        p1_0.id_pedido,
        c1_0.id_cliente,
        c1_0.fecha_nacimiento,
        c1_0.id_plan,
        c1_0.pdc,
        c1_0.saldo,
        c1_0.usuario,
        p1_0.codigo,
        p1_0.estado,
        p1_0.fecha_y_hora_entrega,
        n1_0.id_negocio,
        n1_0.dia_apertura,
        n1_0.dia_cierre,
        n1_0.horario_apertura,
        n1_0.horario_cierre,
        n1_0.nombre,
        n1_0.saldo,
        p1_0.precio_total 
    from
        pedidos p1_0 
    left join
        clientes c1_0 
            on c1_0.id_cliente=p1_0.id_cliente 
    left join
        negocios n1_0 
            on n1_0.id_negocio=p1_0.id_negocio 
    where
        p1_0.id_pedido=?
Hibernate: 
    insert 
    into
        clientes
        (fecha_nacimiento, id_plan, pdc, saldo, usuario, id_cliente) 
    values
        (?, ?, ?, ?, ?, default)
Hibernate: 
    insert 
    into
        negocios
        (dia_apertura, dia_cierre, horario_apertura, horario_cierre, nombre, saldo, id_negocio) 
    values
        (?, ?, ?, ?, ?, ?, default)
Hibernate: 
    insert 
    into
        productos
        (id_inventario_registro, nombre, id_producto) 
    values
        (?, ?, default)
Hibernate: 
    insert 
    into
        clientes
        (fecha_nacimiento, id_plan, pdc, saldo, usuario, id_cliente) 
    values
        (?, ?, ?, ?, ?, default)
Hibernate: 
    select
        p1_0.id_producto,
        p1_0.id_inventario_registro,
        p1_0.nombre 
    from
        productos p1_0 
    where
        p1_0.nombre=?
Hibernate: 
    insert 
    into
        inventario_registros
        (id_negocio, precio_unitario, precio_unitario_pdc, id_producto, recompensa_pdc, stock, id_inventario_registro) 
    values
        (?, ?, ?, ?, ?, ?, default)
Hibernate: 
    insert 
    into
        productos
        (id_inventario_registro, nombre, id_producto) 
    values
        (?, ?, default)
Hibernate: 
    update
        clientes 
    set
        fecha_nacimiento=?,
        id_plan=?,
        pdc=?,
        saldo=?,
        usuario=? 
    where
        id_cliente=?
Hibernate: 
    update
        clientes 
    set
        fecha_nacimiento=?,
        id_plan=?,
        pdc=?,
        saldo=?,
        usuario=? 
    where
        id_cliente=?
Hibernate: 
    update
        inventario_registros 
    set
        id_negocio=?,
        precio_unitario=?,
        precio_unitario_pdc=?,
        id_producto=?,
        recompensa_pdc=?,
        stock=? 
    where
        id_inventario_registro=?
Hibernate: 
    update
        productos 
    set
        id_inventario_registro=?,
        nombre=? 
    where
        id_producto=?
Hibernate: 
    select
        p1_0.id_producto,
        p1_0.id_inventario_registro,
        p1_0.nombre 
    from
        productos p1_0 
    where
        p1_0.nombre=?
Hibernate: 
    insert 
    into
        pedidos
        (id_cliente, codigo, estado, fecha_y_hora_entrega, id_negocio, precio_total, id_pedido) 
    values
        (?, ?, ?, ?, ?, ?, default)
Hibernate: 
    select
        ir1_0.id_inventario_registro,
        ir1_0.id_negocio,
        ir1_0.precio_unitario,
        ir1_0.precio_unitario_pdc,
        ir1_0.id_producto,
        ir1_0.recompensa_pdc,
        ir1_0.stock 
    from
        inventario_registros ir1_0 
    where
        ir1_0.id_negocio=? 
        and ir1_0.id_producto=?
Hibernate: 
    insert 
    into
        productos_pedidos
        (cantidad, id_pedido, id_producto, id_producto_pedido) 
    values
        (?, ?, ?, default)
Hibernate: 
    update
        negocios 
    set
        dia_apertura=?,
        dia_cierre=?,
        horario_apertura=?,
        horario_cierre=?,
        nombre=?,
        saldo=? 
    where
        id_negocio=?
Hibernate: 
    update
        clientes 
    set
        fecha_nacimiento=?,
        id_plan=?,
        pdc=?,
        saldo=?,
        usuario=? 
    where
        id_cliente=?
Hibernate: 
    update
        inventario_registros 
    set
        id_negocio=?,
        precio_unitario=?,
        precio_unitario_pdc=?,
        id_producto=?,
        recompensa_pdc=?,
        stock=? 
    where
        id_inventario_registro=?
Hibernate: 
    update
        pedidos 
    set
        id_cliente=?,
        codigo=?,
        estado=?,
        fecha_y_hora_entrega=?,
        id_negocio=?,
        precio_total=? 
    where
        id_pedido=?
Hibernate: 
    select
        p1_0.id_pedido,
        c2_0.usuario,
        n2_0.nombre,
        p1_0.estado,
        p1_0.precio_total,
        p1_0.fecha_y_hora_entrega,
        p1_0.codigo 
    from
        pedidos p1_0 
    join
        clientes c2_0 
            on c2_0.id_cliente=p1_0.id_cliente 
    join
        negocios n2_0 
            on n2_0.id_negocio=p1_0.id_negocio 
    join
        clientes c1_0 
            on p1_0.id_cliente=c1_0.id_cliente 
    join
        negocios n1_0 
            on p1_0.id_negocio=n1_0.id_negocio 
    where
        c1_0.id_cliente=?
Hibernate: 
    select
        p2_0.id_producto,
        p2_0.id_inventario_registro,
        p2_0.nombre,
        pp1_0.cantidad,
        ir1_0.precio_unitario 
    from
        productos_pedidos pp1_0 
    join
        productos p2_0 
            on p2_0.id_producto=pp1_0.id_producto 
    join
        inventario_registros ir1_0 
            on ir1_0.id_producto=pp1_0.id_producto 
    where
        pp1_0.id_pedido=?
Hibernate: 
    select
        ir1_0.id_inventario_registro,
        ir1_0.id_negocio,
        ir1_0.precio_unitario,
        ir1_0.precio_unitario_pdc,
        ir1_0.id_producto,
        ir1_0.recompensa_pdc,
        ir1_0.stock 
    from
        inventario_registros ir1_0 
    where
        ir1_0.id_negocio=? 
        and ir1_0.id_producto=?
Hibernate: 
    select
        p2_0.id_producto,
        p2_0.id_inventario_registro,
        p2_0.nombre,
        pp1_0.cantidad,
        ir1_0.precio_unitario 
    from
        productos_pedidos pp1_0 
    join
        productos p2_0 
            on p2_0.id_producto=pp1_0.id_producto 
    join
        inventario_registros ir1_0 
            on ir1_0.id_producto=pp1_0.id_producto 
    where
        pp1_0.id_pedido=?
Hibernate: 
    select
        ir1_0.id_inventario_registro,
        ir1_0.id_negocio,
        ir1_0.precio_unitario,
        ir1_0.precio_unitario_pdc,
        ir1_0.id_producto,
        ir1_0.recompensa_pdc,
        ir1_0.stock 
    from
        inventario_registros ir1_0 
    where
        ir1_0.id_negocio=? 
        and ir1_0.id_producto=?
Hibernate: 
    insert 
    into
        clientes
        (fecha_nacimiento, id_plan, pdc, saldo, usuario, id_cliente) 
    values
        (?, ?, ?, ?, ?, default)
Hibernate: 
    insert 
    into
        negocios
        (dia_apertura, dia_cierre, horario_apertura, horario_cierre, nombre, saldo, id_negocio) 
    values
        (?, ?, ?, ?, ?, ?, default)
Hibernate: 
    insert 
    into
        productos
        (id_inventario_registro, nombre, id_producto) 
    values
        (?, ?, default)
Hibernate: 
    insert 
    into
        clientes
        (fecha_nacimiento, id_plan, pdc, saldo, usuario, id_cliente) 
    values
        (?, ?, ?, ?, ?, default)
Hibernate: 
    select
        p1_0.id_producto,
        p1_0.id_inventario_registro,
        p1_0.nombre 
    from
        productos p1_0 
    where
        p1_0.nombre=?
Hibernate: 
    insert 
    into
        inventario_registros
        (id_negocio, precio_unitario, precio_unitario_pdc, id_producto, recompensa_pdc, stock, id_inventario_registro) 
    values
        (?, ?, ?, ?, ?, ?, default)
Hibernate: 
    insert 
    into
        productos
        (id_inventario_registro, nombre, id_producto) 
    values
        (?, ?, default)
Hibernate: 
    update
        clientes 
    set
        fecha_nacimiento=?,
        id_plan=?,
        pdc=?,
        saldo=?,
        usuario=? 
    where
        id_cliente=?
Hibernate: 
    update
        clientes 
    set
        fecha_nacimiento=?,
        id_plan=?,
        pdc=?,
        saldo=?,
        usuario=? 
    where
        id_cliente=?
Hibernate: 
    update
        inventario_registros 
    set
        id_negocio=?,
        precio_unitario=?,
        precio_unitario_pdc=?,
        id_producto=?,
        recompensa_pdc=?,
        stock=? 
    where
        id_inventario_registro=?
Hibernate: 
    update
        productos 
    set
        id_inventario_registro=?,
        nombre=? 
    where
        id_producto=?
Hibernate: 
    select
        p1_0.id_producto,
        p1_0.id_inventario_registro,
        p1_0.nombre 
    from
        productos p1_0 
    where
        p1_0.nombre=?
Hibernate: 
    insert 
    into
        pedidos
        (id_cliente, codigo, estado, fecha_y_hora_entrega, id_negocio, precio_total, id_pedido) 
    values
        (?, ?, ?, ?, ?, ?, default)
Hibernate: 
    select
        ir1_0.id_inventario_registro,
        ir1_0.id_negocio,
        ir1_0.precio_unitario,
        ir1_0.precio_unitario_pdc,
        ir1_0.id_producto,
        ir1_0.recompensa_pdc,
        ir1_0.stock 
    from
        inventario_registros ir1_0 
    where
        ir1_0.id_negocio=? 
        and ir1_0.id_producto=?
Hibernate: 
    insert 
    into
        productos_pedidos
        (cantidad, id_pedido, id_producto, id_producto_pedido) 
    values
        (?, ?, ?, default)
Hibernate: 
    update
        negocios 
    set
        dia_apertura=?,
        dia_cierre=?,
        horario_apertura=?,
        horario_cierre=?,
        nombre=?,
        saldo=? 
    where
        id_negocio=?
Hibernate: 
    update
        clientes 
    set
        fecha_nacimiento=?,
        id_plan=?,
        pdc=?,
        saldo=?,
        usuario=? 
    where
        id_cliente=?
Hibernate: 
    update
        inventario_registros 
    set
        id_negocio=?,
        precio_unitario=?,
        precio_unitario_pdc=?,
        id_producto=?,
        recompensa_pdc=?,
        stock=? 
    where
        id_inventario_registro=?
Hibernate: 
    update
        pedidos 
    set
        id_cliente=?,
        codigo=?,
        estado=?,
        fecha_y_hora_entrega=?,
        id_negocio=?,
        precio_total=? 
    where
        id_pedido=?
Hibernate: 
    select
        p1_0.id_pedido,
        c2_0.usuario,
        n2_0.nombre,
        p1_0.estado,
        p1_0.precio_total,
        p1_0.fecha_y_hora_entrega,
        p1_0.codigo 
    from
        pedidos p1_0 
    join
        clientes c2_0 
            on c2_0.id_cliente=p1_0.id_cliente 
    join
        negocios n2_0 
            on n2_0.id_negocio=p1_0.id_negocio 
    join
        clientes c1_0 
            on p1_0.id_cliente=c1_0.id_cliente 
    join
        negocios n1_0 
            on p1_0.id_negocio=n1_0.id_negocio 
    where
        c1_0.id_cliente=?
Hibernate: 
    select
        p2_0.id_producto,
        p2_0.id_inventario_registro,
        p2_0.nombre,
        pp1_0.cantidad,
        ir1_0.precio_unitario 
    from
        productos_pedidos pp1_0 
    join
        productos p2_0 
            on p2_0.id_producto=pp1_0.id_producto 
    join
        inventario_registros ir1_0 
            on ir1_0.id_producto=pp1_0.id_producto 
    where
        pp1_0.id_pedido=?
Hibernate: 
    select
        ir1_0.id_inventario_registro,
        ir1_0.id_negocio,
        ir1_0.precio_unitario,
        ir1_0.precio_unitario_pdc,
        ir1_0.id_producto,
        ir1_0.recompensa_pdc,
        ir1_0.stock 
    from
        inventario_registros ir1_0 
    where
        ir1_0.id_negocio=? 
        and ir1_0.id_producto=?
Hibernate: 
    select
        p1_0.id_producto,
        p1_0.nombre,
        ir1_0.stock,
        ir1_0.precio_unitario,
        ir1_0.recompensa_pdc,
        ir1_0.precio_unitario_pdc 
    from
        inventario_registros ir1_0 
    join
        productos p1_0 
            on ir1_0.id_producto=p1_0.id_producto 
    where
        ir1_0.id_negocio=?
Hibernate: 
    insert 
    into
        clientes
        (fecha_nacimiento, id_plan, pdc, saldo, usuario, id_cliente) 
    values
        (?, ?, ?, ?, ?, default)
Hibernate: 
    insert 
    into
        negocios
        (dia_apertura, dia_cierre, horario_apertura, horario_cierre, nombre, saldo, id_negocio) 
    values
        (?, ?, ?, ?, ?, ?, default)
Hibernate: 
    insert 
    into
        productos
        (id_inventario_registro, nombre, id_producto) 
    values
        (?, ?, default)
Hibernate: 
    insert 
    into
        clientes
        (fecha_nacimiento, id_plan, pdc, saldo, usuario, id_cliente) 
    values
        (?, ?, ?, ?, ?, default)
Hibernate: 
    insert 
    into
        pedidos
        (id_cliente, codigo, estado, fecha_y_hora_entrega, id_negocio, precio_total, id_pedido) 
    values
        (?, ?, ?, ?, ?, ?, default)
Hibernate: 
    select
        p2_0.id_producto,
        p2_0.id_inventario_registro,
        p2_0.nombre,
        pp1_0.cantidad,
        ir1_0.precio_unitario 
    from
        productos_pedidos pp1_0 
    join
        productos p2_0 
            on p2_0.id_producto=pp1_0.id_producto 
    join
        inventario_registros ir1_0 
            on ir1_0.id_producto=pp1_0.id_producto 
    where
        pp1_0.id_pedido=?
Hibernate: 
    insert 
    into
        clientes
        (fecha_nacimiento, id_plan, pdc, saldo, usuario, id_cliente) 
    values
        (?, ?, ?, ?, ?, default)
Hibernate: 
    insert 
    into
        negocios
        (dia_apertura, dia_cierre, horario_apertura, horario_cierre, nombre, saldo, id_negocio) 
    values
        (?, ?, ?, ?, ?, ?, default)
Hibernate: 
    insert 
    into
        productos
        (id_inventario_registro, nombre, id_producto) 
    values
        (?, ?, default)
Hibernate: 
    insert 
    into
        pedidos
        (id_cliente, codigo, estado, fecha_y_hora_entrega, id_negocio, precio_total, id_pedido) 
    values
        (?, ?, ?, ?, ?, ?, default)
Hibernate: 
    insert 
    into
        pedidos
        (id_cliente, codigo, estado, fecha_y_hora_entrega, id_negocio, precio_total, id_pedido) 
    values
        (?, ?, ?, ?, ?, ?, default)
Hibernate: 
    insert 
    into
        pedidos
        (id_cliente, codigo, estado, fecha_y_hora_entrega, id_negocio, precio_total, id_pedido) 
    values
        (?, ?, ?, ?, ?, ?, default)
Hibernate: 
    select
        p1_0.id_pedido,
        p1_0.id_cliente,
        p1_0.codigo,
        p1_0.estado,
        p1_0.fecha_y_hora_entrega,
        p1_0.id_negocio,
        p1_0.precio_total 
    from
        pedidos p1_0
Hibernate: 
    insert 
    into
        clientes
        (fecha_nacimiento, id_plan, pdc, saldo, usuario, id_cliente) 
    values
        (?, ?, ?, ?, ?, default)
Hibernate: 
    insert 
    into
        negocios
        (dia_apertura, dia_cierre, horario_apertura, horario_cierre, nombre, saldo, id_negocio) 
    values
        (?, ?, ?, ?, ?, ?, default)
Hibernate: 
    insert 
    into
        productos
        (id_inventario_registro, nombre, id_producto) 
    values
        (?, ?, default)
Hibernate: 
    insert 
    into
        clientes
        (fecha_nacimiento, id_plan, pdc, saldo, usuario, id_cliente) 
    values
        (?, ?, ?, ?, ?, default)
Hibernate: 
    insert 
    into
        pedidos
        (id_cliente, codigo, estado, fecha_y_hora_entrega, id_negocio, precio_total, id_pedido) 
    values
        (?, ?, ?, ?, ?, ?, default)
Hibernate: 
    select
        p2_0.id_producto,
        p2_0.id_inventario_registro,
        p2_0.nombre,
        pp1_0.cantidad,
        ir1_0.precio_unitario 
    from
        productos_pedidos pp1_0 
    join
        productos p2_0 
            on p2_0.id_producto=pp1_0.id_producto 
    join
        inventario_registros ir1_0 
            on ir1_0.id_producto=pp1_0.id_producto 
    where
        pp1_0.id_pedido=?
Hibernate: 
    select
        p2_0.id_producto,
        p2_0.id_inventario_registro,
        p2_0.nombre,
        pp1_0.cantidad,
        ir1_0.precio_unitario 
    from
        productos_pedidos pp1_0 
    join
        productos p2_0 
            on p2_0.id_producto=pp1_0.id_producto 
    join
        inventario_registros ir1_0 
            on ir1_0.id_producto=pp1_0.id_producto 
    where
        pp1_0.id_pedido=?
]]></system-out>
  <system-err><![CDATA[WARNING: A Java agent has been loaded dynamically (C:\Users\Lautaro\.gradle\caches\modules-2\files-2.1\net.bytebuddy\byte-buddy-agent\1.14.10\90ed94ac044ea8953b224304c762316e91fd6b31\byte-buddy-agent-1.14.10.jar)
WARNING: If a serviceability tool is in use, please run with -XX:+EnableDynamicAgentLoading to hide this warning
WARNING: If a serviceability tool is not in use, please run with -Djdk.instrument.traceUsage for more information
WARNING: Dynamic loading of agents will be disallowed by default in a future release
]]></system-err>
</testsuite>
