<?xml version="1.0" encoding="UTF-8"?>
<testsuite name="com.dcnt.take_away_now.repository.PlanRespositoryTest" tests="3" skipped="0" failures="0" errors="0" timestamp="2024-02-21T02:23:46" hostname="DESKTOP-84L37D5" time="0.055">
  <properties/>
  <testcase name="valoresDelPlanEncontradoSonCorrectos()" classname="com.dcnt.take_away_now.repository.PlanRespositoryTest" time="0.018"/>
  <testcase name="noSePuedeEncontrarUnPlanQueNoExiste()" classname="com.dcnt.take_away_now.repository.PlanRespositoryTest" time="0.014"/>
  <testcase name="sePuedeEncontrarUnPlanQueExiste()" classname="com.dcnt.take_away_now.repository.PlanRespositoryTest" time="0.016"/>
  <system-out><![CDATA[2024-02-20T20:23:46.786-06:00  INFO 19940 --- [    Test worker] t.c.s.AnnotationConfigContextLoaderUtils : Could not detect default configuration classes for test class [com.dcnt.take_away_now.repository.PlanRespositoryTest]: PlanRespositoryTest does not declare any static, non-private, non-final, nested classes annotated with @Configuration.
2024-02-20T20:23:46.802-06:00  INFO 19940 --- [    Test worker] .b.t.c.SpringBootTestContextBootstrapper : Found @SpringBootConfiguration com.dcnt.take_away_now.TakeAwayNowApplication for test class com.dcnt.take_away_now.repository.PlanRespositoryTest
Hibernate: 
    insert 
    into
        planes
        (cancelacion_sin_costo, porcentaje_de_descuento, multiplicador_de_puntos_de_confianza, nombre, porcentaje_extra_de_puntos_de_confianza_por_devolucion, precio, puntos_de_confianza_por_subscripcion, id_plan) 
    values
        (?, ?, ?, ?, ?, ?, ?, default)
Hibernate: 
    select
        p1_0.id_plan,
        p1_0.cancelacion_sin_costo,
        p1_0.porcentaje_de_descuento,
        p1_0.multiplicador_de_puntos_de_confianza,
        p1_0.nombre,
        p1_0.porcentaje_extra_de_puntos_de_confianza_por_devolucion,
        p1_0.precio,
        p1_0.puntos_de_confianza_por_subscripcion 
    from
        planes p1_0 
    where
        p1_0.nombre=?
Hibernate: 
    select
        p1_0.id_plan,
        p1_0.cancelacion_sin_costo,
        p1_0.porcentaje_de_descuento,
        p1_0.multiplicador_de_puntos_de_confianza,
        p1_0.nombre,
        p1_0.porcentaje_extra_de_puntos_de_confianza_por_devolucion,
        p1_0.precio,
        p1_0.puntos_de_confianza_por_subscripcion 
    from
        planes p1_0 
    where
        p1_0.nombre=?
Hibernate: 
    insert 
    into
        planes
        (cancelacion_sin_costo, porcentaje_de_descuento, multiplicador_de_puntos_de_confianza, nombre, porcentaje_extra_de_puntos_de_confianza_por_devolucion, precio, puntos_de_confianza_por_subscripcion, id_plan) 
    values
        (?, ?, ?, ?, ?, ?, ?, default)
Hibernate: 
    select
        p1_0.id_plan,
        p1_0.cancelacion_sin_costo,
        p1_0.porcentaje_de_descuento,
        p1_0.multiplicador_de_puntos_de_confianza,
        p1_0.nombre,
        p1_0.porcentaje_extra_de_puntos_de_confianza_por_devolucion,
        p1_0.precio,
        p1_0.puntos_de_confianza_por_subscripcion 
    from
        planes p1_0 
    where
        p1_0.nombre=?
]]></system-out>
  <system-err><![CDATA[]]></system-err>
</testsuite>
