<?xml version="1.0" encoding="UTF-8"?>
<testsuite name="com.dcnt.take_away_now.NegocioTests" tests="4" skipped="0" failures="0" errors="0" timestamp="2024-02-21T05:29:38" hostname="LGG-W10" time="0.059">
  <properties/>
  <testcase name="unNegocioSeEncuentraAbiertoSiAbreDeLunesAViernesYPreguntoUnJueves()" classname="com.dcnt.take_away_now.NegocioTests" time="0.024"/>
  <testcase name="unNegocioSeEncuentraCerradoSiAbreDeLunesAViernesYPreguntoUnSabado()" classname="com.dcnt.take_away_now.NegocioTests" time="0.005"/>
  <testcase name="contextLoads()" classname="com.dcnt.take_away_now.NegocioTests" time="0.005"/>
  <testcase name="unNegocioSeEncuentraCerradoSiAbreDeLunesAViernesDe9A18YPreguntoUnMartesPorLaMadrugada()" classname="com.dcnt.take_away_now.NegocioTests" time="0.001"/>
  <system-out><![CDATA[]]></system-out>
  <system-err><![CDATA[]]></system-err>
</testsuite>
