<?xml version="1.0" encoding="UTF-8"?>
<testsuite name="com.dcnt.take_away_now.ProductoTests" tests="1" skipped="0" failures="0" errors="0" timestamp="2024-02-12T03:12:13" hostname="DESKTOP-84L37D5" time="0.0">
  <properties/>
  <testcase name="contextLoads()" classname="com.dcnt.take_away_now.ProductoTests" time="0.0"/>
  <system-out><![CDATA[]]></system-out>
  <system-err><![CDATA[]]></system-err>
</testsuite>
