<?xml version="1.0" encoding="UTF-8"?>
<testsuite name="com.dcnt.take_away_now.service.ClienteServiceTest" tests="6" skipped="0" failures="0" errors="0" timestamp="2024-02-11T21:51:25" hostname="DESKTOP-84L37D5" time="0.079">
  <properties/>
  <testcase name="noSePuedeCrearDosClientesConElMismoUsername()" classname="com.dcnt.take_away_now.service.ClienteServiceTest" time="0.012"/>
  <testcase name="sePuedeObtenerClientesExistentes()" classname="com.dcnt.take_away_now.service.ClienteServiceTest" time="0.017"/>
  <testcase name="noSePuedeCargarSaldoAUnClienteQueNoExiste()" classname="com.dcnt.take_away_now.service.ClienteServiceTest" time="0.011"/>
  <testcase name="sePuedeCrearClienteNuevo()" classname="com.dcnt.take_away_now.service.ClienteServiceTest" time="0.008"/>
  <testcase name="sePuedeEliminarUnCliente()" classname="com.dcnt.take_away_now.service.ClienteServiceTest" time="0.015"/>
  <testcase name="sePuedeCargarSaldoAUnCliente()" classname="com.dcnt.take_away_now.service.ClienteServiceTest" time="0.012"/>
  <system-out><![CDATA[2024-02-11T15:51:25.963-06:00  INFO 2528 --- [    Test worker] t.c.s.AnnotationConfigContextLoaderUtils : Could not detect default configuration classes for test class [com.dcnt.take_away_now.service.ClienteServiceTest]: ClienteServiceTest does not declare any static, non-private, non-final, nested classes annotated with @Configuration.
2024-02-11T15:51:25.980-06:00  INFO 2528 --- [    Test worker] .b.t.c.SpringBootTestContextBootstrapper : Found @SpringBootConfiguration com.dcnt.take_away_now.TakeAwayNowApplication for test class com.dcnt.take_away_now.service.ClienteServiceTest
Hibernate: 
    select
        c1_0.id_cliente,
        c1_0.pdc,
        c1_0.saldo,
        c1_0.usuario 
    from
        clientes c1_0 
    where
        c1_0.usuario=?
Hibernate: 
    insert 
    into
        clientes
        (pdc, saldo, usuario, id_cliente) 
    values
        (?, ?, ?, default)
Hibernate: 
    select
        c1_0.id_cliente,
        c1_0.pdc,
        c1_0.saldo,
        c1_0.usuario 
    from
        clientes c1_0 
    where
        c1_0.usuario=?
Hibernate: 
    select
        c1_0.id_cliente,
        c1_0.pdc,
        c1_0.saldo,
        c1_0.usuario 
    from
        clientes c1_0 
    where
        c1_0.usuario=?
Hibernate: 
    insert 
    into
        clientes
        (pdc, saldo, usuario, id_cliente) 
    values
        (?, ?, ?, default)
Hibernate: 
    select
        c1_0.id_cliente,
        c1_0.pdc,
        c1_0.saldo,
        c1_0.usuario 
    from
        clientes c1_0 
    where
        c1_0.usuario=?
Hibernate: 
    insert 
    into
        clientes
        (pdc, saldo, usuario, id_cliente) 
    values
        (?, ?, ?, default)
Hibernate: 
    select
        c1_0.id_cliente,
        c1_0.pdc,
        c1_0.saldo,
        c1_0.usuario 
    from
        clientes c1_0 
    where
        c1_0.usuario=?
Hibernate: 
    insert 
    into
        clientes
        (pdc, saldo, usuario, id_cliente) 
    values
        (?, ?, ?, default)
Hibernate: 
    select
        c1_0.id_cliente,
        c1_0.pdc,
        c1_0.saldo,
        c1_0.usuario 
    from
        clientes c1_0
Hibernate: 
    select
        c1_0.id_cliente,
        c1_0.pdc,
        c1_0.saldo,
        c1_0.usuario 
    from
        clientes c1_0 
    where
        c1_0.id_cliente=?
Hibernate: 
    select
        c1_0.id_cliente,
        c1_0.pdc,
        c1_0.saldo,
        c1_0.usuario 
    from
        clientes c1_0 
    where
        c1_0.usuario=?
Hibernate: 
    insert 
    into
        clientes
        (pdc, saldo, usuario, id_cliente) 
    values
        (?, ?, ?, default)
Hibernate: 
    select
        c1_0.id_cliente,
        c1_0.pdc,
        c1_0.saldo,
        c1_0.usuario 
    from
        clientes c1_0 
    where
        c1_0.usuario=?
Hibernate: 
    select
        c1_0.id_cliente,
        c1_0.pdc,
        c1_0.saldo,
        c1_0.usuario 
    from
        clientes c1_0 
    where
        c1_0.usuario=?
Hibernate: 
    insert 
    into
        clientes
        (pdc, saldo, usuario, id_cliente) 
    values
        (?, ?, ?, default)
Hibernate: 
    select
        c1_0.id_cliente,
        c1_0.pdc,
        c1_0.saldo,
        c1_0.usuario 
    from
        clientes c1_0 
    where
        c1_0.usuario=?
Hibernate: 
    delete 
    from
        clientes 
    where
        id_cliente=?
Hibernate: 
    select
        c1_0.id_cliente,
        c1_0.pdc,
        c1_0.saldo,
        c1_0.usuario 
    from
        clientes c1_0 
    where
        c1_0.usuario=?
Hibernate: 
    select
        c1_0.id_cliente,
        c1_0.pdc,
        c1_0.saldo,
        c1_0.usuario 
    from
        clientes c1_0 
    where
        c1_0.usuario=?
Hibernate: 
    insert 
    into
        clientes
        (pdc, saldo, usuario, id_cliente) 
    values
        (?, ?, ?, default)
Hibernate: 
    select
        c1_0.id_cliente,
        c1_0.pdc,
        c1_0.saldo,
        c1_0.usuario 
    from
        clientes c1_0 
    where
        c1_0.usuario=?
]]></system-out>
  <system-err><![CDATA[]]></system-err>
</testsuite>
