<?xml version="1.0" encoding="UTF-8"?>
<testsuite name="com.dcnt.take_away_now.service.ClienteServiceTest" tests="14" skipped="0" failures="0" errors="0" timestamp="2024-02-21T05:24:28" hostname="LGG-W10" time="0.472">
  <properties/>
  <testcase name="noSePuedeCrearDosClientesConElMismoUsername()" classname="com.dcnt.take_away_now.service.ClienteServiceTest" time="0.012"/>
  <testcase name="sePuedeEstablercerFechaDeNacimiento()" classname="com.dcnt.take_away_now.service.ClienteServiceTest" time="0.029"/>
  <testcase name="sePuedeObtenerClientesExistentes()" classname="com.dcnt.take_away_now.service.ClienteServiceTest" time="0.023"/>
  <testcase name="unClienteNoPuedeVolverASubscribirseAlPlanPrime()" classname="com.dcnt.take_away_now.service.ClienteServiceTest" time="0.03"/>
  <testcase name="noPuedoObtenerPlanPrimeSiNoExiste()" classname="com.dcnt.take_away_now.service.ClienteServiceTest" time="0.076"/>
  <testcase name="alCrearUnClienteNoEsPrime()" classname="com.dcnt.take_away_now.service.ClienteServiceTest" time="0.012"/>
  <testcase name="noPuedoObtenerPlanPrimeConSaldoInsuficiente()" classname="com.dcnt.take_away_now.service.ClienteServiceTest" time="0.096"/>
  <testcase name="alSubscribirseAUnPlanPrimeElClienteEsPrime()" classname="com.dcnt.take_away_now.service.ClienteServiceTest" time="0.056"/>
  <testcase name="noSePuedeCargarSaldoAUnClienteQueNoExiste()" classname="com.dcnt.take_away_now.service.ClienteServiceTest" time="0.02"/>
  <testcase name="sePuedeCrearClienteNuevo()" classname="com.dcnt.take_away_now.service.ClienteServiceTest" time="0.026"/>
  <testcase name="noPuedoObtenerPlanPrimeSiNoExisteElCliente()" classname="com.dcnt.take_away_now.service.ClienteServiceTest" time="0.011"/>
  <testcase name="sePuedeEliminarUnCliente()" classname="com.dcnt.take_away_now.service.ClienteServiceTest" time="0.029"/>
  <testcase name="noSePuedeEstablercerFechaDeNacimientoSiendoMenorDeEdad()" classname="com.dcnt.take_away_now.service.ClienteServiceTest" time="0.015"/>
  <testcase name="sePuedeCargarSaldoAUnCliente()" classname="com.dcnt.take_away_now.service.ClienteServiceTest" time="0.011"/>
  <system-out><![CDATA[2024-02-21T02:24:28.416-03:00  INFO 16544 --- [    Test worker] t.c.s.AnnotationConfigContextLoaderUtils : Could not detect default configuration classes for test class [com.dcnt.take_away_now.service.ClienteServiceTest]: ClienteServiceTest does not declare any static, non-private, non-final, nested classes annotated with @Configuration.
2024-02-21T02:24:28.450-03:00  INFO 16544 --- [    Test worker] .b.t.c.SpringBootTestContextBootstrapper : Found @SpringBootConfiguration com.dcnt.take_away_now.TakeAwayNowApplication for test class com.dcnt.take_away_now.service.ClienteServiceTest
Hibernate: 
    select
        c1_0.id_cliente,
        c1_0.fecha_nacimiento,
        c1_0.fecha_ult_uso_benef_cumple,
        c1_0.id_plan,
        c1_0.pdc,
        c1_0.saldo,
        c1_0.usuario 
    from
        clientes c1_0 
    where
        c1_0.usuario=?
Hibernate: 
    insert 
    into
        clientes
        (fecha_nacimiento, fecha_ult_uso_benef_cumple, id_plan, pdc, saldo, usuario, id_cliente) 
    values
        (?, ?, ?, ?, ?, ?, default)
Hibernate: 
    select
        c1_0.id_cliente,
        c1_0.fecha_nacimiento,
        c1_0.fecha_ult_uso_benef_cumple,
        c1_0.id_plan,
        c1_0.pdc,
        c1_0.saldo,
        c1_0.usuario 
    from
        clientes c1_0 
    where
        c1_0.usuario=?
Hibernate: 
    select
        c1_0.id_cliente,
        c1_0.fecha_nacimiento,
        c1_0.fecha_ult_uso_benef_cumple,
        c1_0.id_plan,
        c1_0.pdc,
        c1_0.saldo,
        c1_0.usuario 
    from
        clientes c1_0 
    where
        c1_0.usuario=?
Hibernate: 
    insert 
    into
        clientes
        (fecha_nacimiento, fecha_ult_uso_benef_cumple, id_plan, pdc, saldo, usuario, id_cliente) 
    values
        (?, ?, ?, ?, ?, ?, default)
Hibernate: 
    select
        c1_0.id_cliente,
        c1_0.fecha_nacimiento,
        c1_0.fecha_ult_uso_benef_cumple,
        c1_0.id_plan,
        c1_0.pdc,
        c1_0.saldo,
        c1_0.usuario 
    from
        clientes c1_0 
    where
        c1_0.usuario=?
Hibernate: 
    select
        c1_0.id_cliente,
        c1_0.fecha_nacimiento,
        c1_0.fecha_ult_uso_benef_cumple,
        c1_0.id_plan,
        c1_0.pdc,
        c1_0.saldo,
        c1_0.usuario 
    from
        clientes c1_0 
    where
        c1_0.usuario=?
Hibernate: 
    insert 
    into
        clientes
        (fecha_nacimiento, fecha_ult_uso_benef_cumple, id_plan, pdc, saldo, usuario, id_cliente) 
    values
        (?, ?, ?, ?, ?, ?, default)
Hibernate: 
    select
        c1_0.id_cliente,
        c1_0.fecha_nacimiento,
        c1_0.fecha_ult_uso_benef_cumple,
        c1_0.id_plan,
        c1_0.pdc,
        c1_0.saldo,
        c1_0.usuario 
    from
        clientes c1_0 
    where
        c1_0.usuario=?
Hibernate: 
    insert 
    into
        clientes
        (fecha_nacimiento, fecha_ult_uso_benef_cumple, id_plan, pdc, saldo, usuario, id_cliente) 
    values
        (?, ?, ?, ?, ?, ?, default)
Hibernate: 
    select
        c1_0.id_cliente,
        c1_0.fecha_nacimiento,
        c1_0.fecha_ult_uso_benef_cumple,
        c1_0.id_plan,
        c1_0.pdc,
        c1_0.saldo,
        c1_0.usuario 
    from
        clientes c1_0 
    where
        c1_0.usuario=?
Hibernate: 
    insert 
    into
        clientes
        (fecha_nacimiento, fecha_ult_uso_benef_cumple, id_plan, pdc, saldo, usuario, id_cliente) 
    values
        (?, ?, ?, ?, ?, ?, default)
Hibernate: 
    select
        c1_0.id_cliente,
        c1_0.fecha_nacimiento,
        c1_0.fecha_ult_uso_benef_cumple,
        c1_0.id_plan,
        c1_0.pdc,
        c1_0.saldo,
        c1_0.usuario 
    from
        clientes c1_0
Hibernate: 
    select
        c1_0.id_cliente,
        c1_0.fecha_nacimiento,
        c1_0.fecha_ult_uso_benef_cumple,
        c1_0.id_plan,
        c1_0.pdc,
        c1_0.saldo,
        c1_0.usuario 
    from
        clientes c1_0 
    where
        c1_0.usuario=?
Hibernate: 
    insert 
    into
        clientes
        (fecha_nacimiento, fecha_ult_uso_benef_cumple, id_plan, pdc, saldo, usuario, id_cliente) 
    values
        (?, ?, ?, ?, ?, ?, default)
Hibernate: 
    select
        c1_0.id_cliente,
        c1_0.fecha_nacimiento,
        c1_0.fecha_ult_uso_benef_cumple,
        c1_0.id_plan,
        c1_0.pdc,
        c1_0.saldo,
        c1_0.usuario 
    from
        clientes c1_0 
    where
        c1_0.usuario=?
Hibernate: 
    select
        p1_0.id_plan,
        p1_0.cancelacion_sin_costo,
        p1_0.porcentaje_de_descuento,
        p1_0.multiplicador_de_puntos_de_confianza,
        p1_0.nombre,
        p1_0.porcentaje_extra_de_puntos_de_confianza_por_devolucion,
        p1_0.precio,
        p1_0.puntos_de_confianza_por_subscripcion 
    from
        planes p1_0 
    where
        p1_0.nombre=?
Hibernate: 
    insert 
    into
        planes
        (cancelacion_sin_costo, porcentaje_de_descuento, multiplicador_de_puntos_de_confianza, nombre, porcentaje_extra_de_puntos_de_confianza_por_devolucion, precio, puntos_de_confianza_por_subscripcion, id_plan) 
    values
        (?, ?, ?, ?, ?, ?, ?, default)
Hibernate: 
    select
        p1_0.id_plan,
        p1_0.cancelacion_sin_costo,
        p1_0.porcentaje_de_descuento,
        p1_0.multiplicador_de_puntos_de_confianza,
        p1_0.nombre,
        p1_0.porcentaje_extra_de_puntos_de_confianza_por_devolucion,
        p1_0.precio,
        p1_0.puntos_de_confianza_por_subscripcion 
    from
        planes p1_0 
    where
        p1_0.nombre=?
Hibernate: 
    select
        p1_0.id_plan,
        p1_0.cancelacion_sin_costo,
        p1_0.porcentaje_de_descuento,
        p1_0.multiplicador_de_puntos_de_confianza,
        p1_0.nombre,
        p1_0.porcentaje_extra_de_puntos_de_confianza_por_devolucion,
        p1_0.precio,
        p1_0.puntos_de_confianza_por_subscripcion 
    from
        planes p1_0 
    where
        p1_0.nombre=?
Hibernate: 
    select
        c1_0.id_cliente,
        c1_0.fecha_nacimiento,
        c1_0.fecha_ult_uso_benef_cumple,
        c1_0.id_plan,
        c1_0.pdc,
        c1_0.saldo,
        c1_0.usuario 
    from
        clientes c1_0 
    where
        c1_0.usuario=?
Hibernate: 
    insert 
    into
        clientes
        (fecha_nacimiento, fecha_ult_uso_benef_cumple, id_plan, pdc, saldo, usuario, id_cliente) 
    values
        (?, ?, ?, ?, ?, ?, default)
Hibernate: 
    select
        c1_0.id_cliente,
        c1_0.fecha_nacimiento,
        c1_0.fecha_ult_uso_benef_cumple,
        c1_0.id_plan,
        c1_0.pdc,
        c1_0.saldo,
        c1_0.usuario 
    from
        clientes c1_0 
    where
        c1_0.usuario=?
Hibernate: 
    select
        p1_0.id_plan,
        p1_0.cancelacion_sin_costo,
        p1_0.porcentaje_de_descuento,
        p1_0.multiplicador_de_puntos_de_confianza,
        p1_0.nombre,
        p1_0.porcentaje_extra_de_puntos_de_confianza_por_devolucion,
        p1_0.precio,
        p1_0.puntos_de_confianza_por_subscripcion 
    from
        planes p1_0 
    where
        p1_0.nombre=?
Hibernate: 
    select
        c1_0.id_cliente,
        c1_0.fecha_nacimiento,
        c1_0.fecha_ult_uso_benef_cumple,
        c1_0.id_plan,
        c1_0.pdc,
        c1_0.saldo,
        c1_0.usuario 
    from
        clientes c1_0 
    where
        c1_0.usuario=?
Hibernate: 
    insert 
    into
        clientes
        (fecha_nacimiento, fecha_ult_uso_benef_cumple, id_plan, pdc, saldo, usuario, id_cliente) 
    values
        (?, ?, ?, ?, ?, ?, default)
Hibernate: 
    select
        c1_0.id_cliente,
        c1_0.fecha_nacimiento,
        c1_0.fecha_ult_uso_benef_cumple,
        c1_0.id_plan,
        c1_0.pdc,
        c1_0.saldo,
        c1_0.usuario 
    from
        clientes c1_0 
    where
        c1_0.usuario=?
Hibernate: 
    select
        p1_0.id_plan,
        p1_0.cancelacion_sin_costo,
        p1_0.porcentaje_de_descuento,
        p1_0.multiplicador_de_puntos_de_confianza,
        p1_0.nombre,
        p1_0.porcentaje_extra_de_puntos_de_confianza_por_devolucion,
        p1_0.precio,
        p1_0.puntos_de_confianza_por_subscripcion 
    from
        planes p1_0 
    where
        p1_0.nombre=?
Hibernate: 
    insert 
    into
        planes
        (cancelacion_sin_costo, porcentaje_de_descuento, multiplicador_de_puntos_de_confianza, nombre, porcentaje_extra_de_puntos_de_confianza_por_devolucion, precio, puntos_de_confianza_por_subscripcion, id_plan) 
    values
        (?, ?, ?, ?, ?, ?, ?, default)
Hibernate: 
    select
        p1_0.id_plan,
        p1_0.cancelacion_sin_costo,
        p1_0.porcentaje_de_descuento,
        p1_0.multiplicador_de_puntos_de_confianza,
        p1_0.nombre,
        p1_0.porcentaje_extra_de_puntos_de_confianza_por_devolucion,
        p1_0.precio,
        p1_0.puntos_de_confianza_por_subscripcion 
    from
        planes p1_0 
    where
        p1_0.nombre=?
Hibernate: 
    select
        c1_0.id_cliente,
        c1_0.fecha_nacimiento,
        c1_0.fecha_ult_uso_benef_cumple,
        c1_0.id_plan,
        c1_0.pdc,
        c1_0.saldo,
        c1_0.usuario 
    from
        clientes c1_0 
    where
        c1_0.usuario=?
Hibernate: 
    insert 
    into
        clientes
        (fecha_nacimiento, fecha_ult_uso_benef_cumple, id_plan, pdc, saldo, usuario, id_cliente) 
    values
        (?, ?, ?, ?, ?, ?, default)
Hibernate: 
    select
        c1_0.id_cliente,
        c1_0.fecha_nacimiento,
        c1_0.fecha_ult_uso_benef_cumple,
        c1_0.id_plan,
        c1_0.pdc,
        c1_0.saldo,
        c1_0.usuario 
    from
        clientes c1_0 
    where
        c1_0.usuario=?
Hibernate: 
    select
        p1_0.id_plan,
        p1_0.cancelacion_sin_costo,
        p1_0.porcentaje_de_descuento,
        p1_0.multiplicador_de_puntos_de_confianza,
        p1_0.nombre,
        p1_0.porcentaje_extra_de_puntos_de_confianza_por_devolucion,
        p1_0.precio,
        p1_0.puntos_de_confianza_por_subscripcion 
    from
        planes p1_0 
    where
        p1_0.nombre=?
Hibernate: 
    insert 
    into
        planes
        (cancelacion_sin_costo, porcentaje_de_descuento, multiplicador_de_puntos_de_confianza, nombre, porcentaje_extra_de_puntos_de_confianza_por_devolucion, precio, puntos_de_confianza_por_subscripcion, id_plan) 
    values
        (?, ?, ?, ?, ?, ?, ?, default)
Hibernate: 
    select
        p1_0.id_plan,
        p1_0.cancelacion_sin_costo,
        p1_0.porcentaje_de_descuento,
        p1_0.multiplicador_de_puntos_de_confianza,
        p1_0.nombre,
        p1_0.porcentaje_extra_de_puntos_de_confianza_por_devolucion,
        p1_0.precio,
        p1_0.puntos_de_confianza_por_subscripcion 
    from
        planes p1_0 
    where
        p1_0.nombre=?
Hibernate: 
    select
        c1_0.id_cliente,
        c1_0.fecha_nacimiento,
        c1_0.fecha_ult_uso_benef_cumple,
        c1_0.id_plan,
        c1_0.pdc,
        c1_0.saldo,
        c1_0.usuario 
    from
        clientes c1_0 
    where
        c1_0.id_cliente=?
Hibernate: 
    select
        c1_0.id_cliente,
        c1_0.fecha_nacimiento,
        c1_0.fecha_ult_uso_benef_cumple,
        c1_0.id_plan,
        c1_0.pdc,
        c1_0.saldo,
        c1_0.usuario 
    from
        clientes c1_0 
    where
        c1_0.usuario=?
Hibernate: 
    insert 
    into
        clientes
        (fecha_nacimiento, fecha_ult_uso_benef_cumple, id_plan, pdc, saldo, usuario, id_cliente) 
    values
        (?, ?, ?, ?, ?, ?, default)
Hibernate: 
    select
        c1_0.id_cliente,
        c1_0.fecha_nacimiento,
        c1_0.fecha_ult_uso_benef_cumple,
        c1_0.id_plan,
        c1_0.pdc,
        c1_0.saldo,
        c1_0.usuario 
    from
        clientes c1_0 
    where
        c1_0.usuario=?
Hibernate: 
    select
        c1_0.id_cliente,
        c1_0.fecha_nacimiento,
        c1_0.fecha_ult_uso_benef_cumple,
        c1_0.id_plan,
        c1_0.pdc,
        c1_0.saldo,
        c1_0.usuario 
    from
        clientes c1_0 
    where
        c1_0.id_cliente=?
Hibernate: 
    select
        c1_0.id_cliente,
        c1_0.fecha_nacimiento,
        c1_0.fecha_ult_uso_benef_cumple,
        c1_0.id_plan,
        c1_0.pdc,
        c1_0.saldo,
        c1_0.usuario 
    from
        clientes c1_0 
    where
        c1_0.usuario=?
Hibernate: 
    insert 
    into
        clientes
        (fecha_nacimiento, fecha_ult_uso_benef_cumple, id_plan, pdc, saldo, usuario, id_cliente) 
    values
        (?, ?, ?, ?, ?, ?, default)
Hibernate: 
    select
        c1_0.id_cliente,
        c1_0.fecha_nacimiento,
        c1_0.fecha_ult_uso_benef_cumple,
        c1_0.id_plan,
        c1_0.pdc,
        c1_0.saldo,
        c1_0.usuario 
    from
        clientes c1_0 
    where
        c1_0.usuario=?
Hibernate: 
    delete 
    from
        clientes 
    where
        id_cliente=?
Hibernate: 
    select
        c1_0.id_cliente,
        c1_0.fecha_nacimiento,
        c1_0.fecha_ult_uso_benef_cumple,
        c1_0.id_plan,
        c1_0.pdc,
        c1_0.saldo,
        c1_0.usuario 
    from
        clientes c1_0 
    where
        c1_0.usuario=?
Hibernate: 
    select
        c1_0.id_cliente,
        c1_0.fecha_nacimiento,
        c1_0.fecha_ult_uso_benef_cumple,
        c1_0.id_plan,
        c1_0.pdc,
        c1_0.saldo,
        c1_0.usuario 
    from
        clientes c1_0 
    where
        c1_0.usuario=?
Hibernate: 
    insert 
    into
        clientes
        (fecha_nacimiento, fecha_ult_uso_benef_cumple, id_plan, pdc, saldo, usuario, id_cliente) 
    values
        (?, ?, ?, ?, ?, ?, default)
Hibernate: 
    select
        c1_0.id_cliente,
        c1_0.fecha_nacimiento,
        c1_0.fecha_ult_uso_benef_cumple,
        c1_0.id_plan,
        c1_0.pdc,
        c1_0.saldo,
        c1_0.usuario 
    from
        clientes c1_0 
    where
        c1_0.usuario=?
Hibernate: 
    select
        c1_0.id_cliente,
        c1_0.fecha_nacimiento,
        c1_0.fecha_ult_uso_benef_cumple,
        c1_0.id_plan,
        c1_0.pdc,
        c1_0.saldo,
        c1_0.usuario 
    from
        clientes c1_0 
    where
        c1_0.usuario=?
Hibernate: 
    insert 
    into
        clientes
        (fecha_nacimiento, fecha_ult_uso_benef_cumple, id_plan, pdc, saldo, usuario, id_cliente) 
    values
        (?, ?, ?, ?, ?, ?, default)
Hibernate: 
    select
        c1_0.id_cliente,
        c1_0.fecha_nacimiento,
        c1_0.fecha_ult_uso_benef_cumple,
        c1_0.id_plan,
        c1_0.pdc,
        c1_0.saldo,
        c1_0.usuario 
    from
        clientes c1_0 
    where
        c1_0.usuario=?
]]></system-out>
  <system-err><![CDATA[]]></system-err>
</testsuite>
