<?xml version="1.0" encoding="UTF-8"?>
<testsuite name="com.dcnt.take_away_now.DineroTests" tests="10" skipped="0" failures="0" errors="0" timestamp="2024-02-21T03:46:45" hostname="DESKTOP-84L37D5" time="0.071">
  <properties/>
  <testcase name="noPuedoMultiplicarDineroPorUnNumeroNegativo()" classname="com.dcnt.take_away_now.DineroTests" time="0.056"/>
  <testcase name="noPuedoDividirDineroPorCero()" classname="com.dcnt.take_away_now.DineroTests" time="0.001"/>
  <testcase name="tengoDosPesosLoDividoPorDosYObtengoUnPeso()" classname="com.dcnt.take_away_now.DineroTests" time="0.004"/>
  <testcase name="tengoDosPesosLoMultiplicoPorCincoYObtengoDiezPesos()" classname="com.dcnt.take_away_now.DineroTests" time="0.001"/>
  <testcase name="conviertoDosPesosEnDineroABigDecimal()" classname="com.dcnt.take_away_now.DineroTests" time="0.002"/>
  <testcase name="noPuedoTenerDineroNegativo()" classname="com.dcnt.take_away_now.DineroTests" time="0.0"/>
  <testcase name="noPuedoMultiplicarDineroPorCero()" classname="com.dcnt.take_away_now.DineroTests" time="0.0"/>
  <testcase name="tengoDosPesosLeSumoTresPesosYObtengoCincoPesos()" classname="com.dcnt.take_away_now.DineroTests" time="0.0"/>
  <testcase name="contextLoads()" classname="com.dcnt.take_away_now.DineroTests" time="0.0"/>
  <testcase name="conviertoVariableBigDecimalConValIgualADosAValueObjectDineroConMontoIgualADos()" classname="com.dcnt.take_away_now.DineroTests" time="0.001"/>
  <system-out><![CDATA[]]></system-out>
  <system-err><![CDATA[]]></system-err>
</testsuite>
