<?xml version="1.0" encoding="UTF-8"?>
<testsuite name="com.dcnt.take_away_now.repository.ProductoRepositoryTest" tests="2" skipped="0" failures="0" errors="0" timestamp="2024-02-21T05:29:56" hostname="LGG-W10" time="0.028">
  <properties/>
  <testcase name="SeEncuentraUnProductoQueExiste()" classname="com.dcnt.take_away_now.repository.ProductoRepositoryTest" time="0.012"/>
  <testcase name="NoSeEncuentraUnProductoQueNoExiste()" classname="com.dcnt.take_away_now.repository.ProductoRepositoryTest" time="0.015"/>
  <system-out><![CDATA[2024-02-21T02:29:56.692-03:00  INFO 13460 --- [    Test worker] t.c.s.AnnotationConfigContextLoaderUtils : Could not detect default configuration classes for test class [com.dcnt.take_away_now.repository.ProductoRepositoryTest]: ProductoRepositoryTest does not declare any static, non-private, non-final, nested classes annotated with @Configuration.
2024-02-21T02:29:56.712-03:00  INFO 13460 --- [    Test worker] .b.t.c.SpringBootTestContextBootstrapper : Found @SpringBootConfiguration com.dcnt.take_away_now.TakeAwayNowApplication for test class com.dcnt.take_away_now.repository.ProductoRepositoryTest
Hibernate: 
    insert 
    into
        productos
        (id_inventario_registro, nombre, id_producto) 
    values
        (?, ?, default)
Hibernate: 
    select
        p1_0.id_producto,
        p1_0.id_inventario_registro,
        p1_0.nombre 
    from
        productos p1_0 
    where
        p1_0.nombre=?
Hibernate: 
    insert 
    into
        productos
        (id_inventario_registro, nombre, id_producto) 
    values
        (?, ?, default)
Hibernate: 
    select
        p1_0.id_producto,
        p1_0.id_inventario_registro,
        p1_0.nombre 
    from
        productos p1_0 
    where
        p1_0.nombre=?
]]></system-out>
  <system-err><![CDATA[]]></system-err>
</testsuite>
