<?xml version="1.0" encoding="UTF-8"?>
<testsuite name="com.dcnt.take_away_now.TakeAwayNowApplicationTests" tests="1" skipped="0" failures="0" errors="0" timestamp="2024-02-20T22:55:57" hostname="LGG-W10" time="0.004">
  <properties/>
  <testcase name="contextLoads()" classname="com.dcnt.take_away_now.TakeAwayNowApplicationTests" time="0.004"/>
  <system-out><![CDATA[2024-02-20T19:55:54.397-03:00  INFO 2220 --- [    Test worker] t.c.s.AnnotationConfigContextLoaderUtils : Could not detect default configuration classes for test class [com.dcnt.take_away_now.TakeAwayNowApplicationTests]: TakeAwayNowApplicationTests does not declare any static, non-private, non-final, nested classes annotated with @Configuration.
2024-02-20T19:55:54.408-03:00  INFO 2220 --- [    Test worker] .b.t.c.SpringBootTestContextBootstrapper : Found @SpringBootConfiguration com.dcnt.take_away_now.TakeAwayNowApplication for test class com.dcnt.take_away_now.TakeAwayNowApplicationTests

  .   ____          _            __ _ _
 /\\ / ___'_ __ _ _(_)_ __  __ _ \ \ \ \
( ( )\___ | '_ | '_| | '_ \/ _` | \ \ \ \
 \\/  ___)| |_)| | | | | || (_| |  ) ) ) )
  '  |____| .__|_| |_|_| |_\__, | / / / /
 =========|_|==============|___/=/_/_/_/
 :: Spring Boot ::                (v3.2.0)

2024-02-20T19:55:54.476-03:00  INFO 2220 --- [    Test worker] c.d.t.TakeAwayNowApplicationTests        : Starting TakeAwayNowApplicationTests using Java 21.0.1 with PID 2220 (started by Lautaro in D:\dcnt back\TakeAwayNow-DCNT)
2024-02-20T19:55:54.477-03:00  INFO 2220 --- [    Test worker] c.d.t.TakeAwayNowApplicationTests        : No active profile set, falling back to 1 default profile: "default"
2024-02-20T19:55:55.125-03:00  INFO 2220 --- [    Test worker] .s.d.r.c.RepositoryConfigurationDelegate : Bootstrapping Spring Data JPA repositories in DEFAULT mode.
2024-02-20T19:55:55.157-03:00  INFO 2220 --- [    Test worker] .s.d.r.c.RepositoryConfigurationDelegate : Finished Spring Data repository scanning in 31 ms. Found 7 JPA repository interfaces.
2024-02-20T19:55:55.379-03:00  INFO 2220 --- [    Test worker] o.hibernate.jpa.internal.util.LogHelper  : HHH000204: Processing PersistenceUnitInfo [name: default]
2024-02-20T19:55:55.388-03:00  INFO 2220 --- [    Test worker] o.h.c.internal.RegionFactoryInitiator    : HHH000026: Second-level cache disabled
2024-02-20T19:55:55.398-03:00  INFO 2220 --- [    Test worker] o.s.o.j.p.SpringPersistenceUnitInfo      : No LoadTimeWeaver setup: ignoring JPA class transformer
2024-02-20T19:55:55.402-03:00  INFO 2220 --- [    Test worker] com.zaxxer.hikari.HikariDataSource       : HikariPool-1 - Starting...
2024-02-20T19:55:55.425-03:00  INFO 2220 --- [    Test worker] com.zaxxer.hikari.pool.HikariPool        : HikariPool-1 - Added connection conn36: url=jdbc:h2:mem:DBNAME user=ROOT
2024-02-20T19:55:55.428-03:00  INFO 2220 --- [    Test worker] com.zaxxer.hikari.HikariDataSource       : HikariPool-1 - Start completed.
2024-02-20T19:55:55.435-03:00  WARN 2220 --- [    Test worker] org.hibernate.orm.deprecation            : HHH90000025: H2Dialect does not need to be specified explicitly using 'hibernate.dialect' (remove the property setting and it will be selected by default)
2024-02-20T19:55:55.626-03:00  INFO 2220 --- [    Test worker] o.h.e.t.j.p.i.JtaPlatformInitiator       : HHH000489: No JTA platform available (set 'hibernate.transaction.jta.platform' to enable JTA platform integration)
Hibernate: 
    drop table if exists clientes cascade 
Hibernate: 
    drop table if exists inventario_registros cascade 
Hibernate: 
    drop table if exists negocios cascade 
Hibernate: 
    drop table if exists pedidos cascade 
Hibernate: 
    drop table if exists planes cascade 
Hibernate: 
    drop table if exists productos cascade 
Hibernate: 
    drop table if exists productos_pedidos cascade 
Hibernate: 
    create table clientes (
        fecha_nacimiento date,
        pdc float(53),
        saldo numeric(38,2),
        id_cliente bigint generated by default as identity,
        id_plan bigint,
        usuario varchar(255),
        primary key (id_cliente)
    )
Hibernate: 
    create table inventario_registros (
        precio_unitario numeric(38,2),
        precio_unitario_pdc float(53),
        recompensa_pdc float(53),
        id_inventario_registro bigint generated by default as identity,
        id_negocio bigint,
        id_producto bigint unique,
        stock bigint,
        primary key (id_inventario_registro)
    )
Hibernate: 
    create table negocios (
        dia_apertura tinyint check (dia_apertura between 0 and 6),
        dia_cierre tinyint check (dia_cierre between 0 and 6),
        horario_apertura time(6),
        horario_cierre time(6),
        saldo numeric(38,2),
        id_negocio bigint generated by default as identity,
        nombre varchar(255),
        primary key (id_negocio)
    )
Hibernate: 
    create table pedidos (
        estado tinyint check (estado between 0 and 7),
        precio_total numeric(38,2),
        fecha_y_hora_entrega timestamp(6),
        id_cliente bigint,
        id_negocio bigint,
        id_pedido bigint generated by default as identity,
        codigo varchar(255),
        primary key (id_pedido)
    )
Hibernate: 
    create table planes (
        cancelacion_sin_costo boolean,
        multiplicador_de_puntos_de_confianza integer,
        porcentaje_de_descuento integer,
        porcentaje_extra_de_puntos_de_confianza_por_devolucion integer,
        precio numeric(38,2),
        puntos_de_confianza_por_subscripcion float(53),
        id_plan bigint generated by default as identity,
        nombre varchar(255),
        primary key (id_plan)
    )
Hibernate: 
    create table productos (
        id_inventario_registro bigint unique,
        id_producto bigint generated by default as identity,
        nombre varchar(255),
        primary key (id_producto)
    )
Hibernate: 
    create table productos_pedidos (
        cantidad integer,
        id_pedido bigint,
        id_producto bigint,
        id_producto_pedido bigint generated by default as identity,
        primary key (id_producto_pedido)
    )
Hibernate: 
    alter table if exists inventario_registros 
       add constraint FKgk0emireeu3u0g15pi6uth3tw 
       foreign key (id_negocio) 
       references negocios
Hibernate: 
    alter table if exists inventario_registros 
       add constraint FKaa8b1cqh28krjla4q0rldgjdw 
       foreign key (id_producto) 
       references productos
Hibernate: 
    alter table if exists pedidos 
       add constraint FKdnomiluem4t3x66t6b9aher47 
       foreign key (id_cliente) 
       references clientes
Hibernate: 
    alter table if exists pedidos 
       add constraint FKhmtsw5m7flxgsvx60sorc5g3e 
       foreign key (id_negocio) 
       references negocios
Hibernate: 
    alter table if exists productos 
       add constraint FKd8x4sfyyvh5ecf784239ete7u 
       foreign key (id_inventario_registro) 
       references inventario_registros
Hibernate: 
    alter table if exists productos_pedidos 
       add constraint FKgvy13jpycywx60hasm7k3w2f 
       foreign key (id_pedido) 
       references pedidos
Hibernate: 
    alter table if exists productos_pedidos 
       add constraint FK5xwq1xi3k07xrjjpvvpxvdoku 
       foreign key (id_producto) 
       references productos
2024-02-20T19:55:55.659-03:00  INFO 2220 --- [    Test worker] j.LocalContainerEntityManagerFactoryBean : Initialized JPA EntityManagerFactory for persistence unit 'default'
2024-02-20T19:55:56.390-03:00  WARN 2220 --- [    Test worker] JpaBaseConfiguration$JpaWebConfiguration : spring.jpa.open-in-view is enabled by default. Therefore, database queries may be performed during view rendering. Explicitly configure spring.jpa.open-in-view to disable this warning
2024-02-20T19:55:57.054-03:00  INFO 2220 --- [    Test worker] o.s.b.a.h2.H2ConsoleAutoConfiguration    : H2 console available at '/h2-console'. Database available at 'jdbc:h2:mem:DBNAME'
2024-02-20T19:55:57.102-03:00  INFO 2220 --- [    Test worker] c.d.t.TakeAwayNowApplicationTests        : Started TakeAwayNowApplicationTests in 2.681 seconds (process running for 12.048)
]]></system-out>
  <system-err><![CDATA[]]></system-err>
</testsuite>
